ספט׳ 03, 2021 4:22:19 אחה״צ DB.Utilities connectToMySql
INFO: Trying to connect database
ספט׳ 03, 2021 4:22:19 אחה״צ MainWindow main
INFO: dbso connected
ספט׳ 03, 2021 4:22:19 אחה״צ DB.Utilities checkIfSchemaExists
INFO: Check if dbso schema exists
ספט׳ 03, 2021 4:22:19 אחה״צ DB.Utilities checkIfTableExists
INFO: Check if client table exists
ספט׳ 03, 2021 4:22:19 אחה״צ DB.Utilities checkIfTableExists
INFO: Check if volunteering table exists
ספט׳ 03, 2021 4:22:23 אחה״צ Controller.RegisterController$RegisterListener actionPerformed
WARNING: Register failed, input wrong
ספט׳ 03, 2021 4:22:27 אחה״צ Controller.RegisterController$RegisterListener actionPerformed
WARNING: Register failed, input wrong
ספט׳ 03, 2021 4:22:31 אחה״צ Controller.RegisterController$RegisterListener actionPerformed
WARNING: Register failed, input wrong
ספט׳ 03, 2021 4:22:32 אחה״צ Controller.RegisterController$RegisterListener actionPerformed
WARNING: Register failed, input wrong
ספט׳ 03, 2021 4:22:32 אחה״צ Controller.RegisterController$RegisterListener actionPerformed
WARNING: Register failed, input wrong
ספט׳ 03, 2021 4:22:33 אחה״צ Controller.RegisterController$RegisterListener actionPerformed
WARNING: Register failed, input wrong
ספט׳ 03, 2021 4:22:33 אחה״צ Controller.RegisterController$RegisterListener actionPerformed
WARNING: Register failed, input wrong
ספט׳ 03, 2021 4:22:33 אחה״צ Controller.RegisterController$RegisterListener actionPerformed
WARNING: Register failed, input wrong
ספט׳ 03, 2021 4:22:33 אחה״צ Controller.RegisterController$RegisterListener actionPerformed
WARNING: Register failed, input wrong
ספט׳ 03, 2021 4:22:33 אחה״צ Controller.RegisterController$RegisterListener actionPerformed
WARNING: Register failed, input wrong
ספט׳ 03, 2021 4:22:33 אחה״צ Controller.RegisterController$RegisterListener actionPerformed
WARNING: Register failed, input wrong
ספט׳ 03, 2021 4:22:33 אחה״צ Controller.RegisterController$RegisterListener actionPerformed
WARNING: Register failed, input wrong
ספט׳ 03, 2021 4:22:34 אחה״צ Controller.RegisterController$RegisterListener actionPerformed
WARNING: Register failed, input wrong
ספט׳ 03, 2021 4:22:34 אחה״צ Controller.RegisterController$RegisterListener actionPerformed
WARNING: Register failed, input wrong
ספט׳ 03, 2021 4:22:34 אחה״צ Controller.RegisterController$RegisterListener actionPerformed
WARNING: Register failed, input wrong
ספט׳ 03, 2021 4:22:35 אחה״צ Controller.RegisterController$RegisterListener actionPerformed
WARNING: Register failed, input wrong
ספט׳ 03, 2021 4:22:35 אחה״צ Controller.RegisterController$RegisterListener actionPerformed
WARNING: Register failed, input wrong
