אוג׳ 25, 2021 9:35:49 אחה״צ DB.Utilities connectToMySql
INFO: Trying to connect database
אוג׳ 25, 2021 9:35:49 אחה״צ MainWindow main
INFO: dbso connected
אוג׳ 25, 2021 9:35:49 אחה״צ DB.Utilities checkIfSchemaExists
INFO: Check if dbso schema exists
אוג׳ 25, 2021 9:35:49 אחה״צ DB.Utilities checkIfTableExists
INFO: Check if client table exists
אוג׳ 25, 2021 9:35:49 אחה״צ DB.Utilities checkIfTableExists
INFO: Check if volunteering table exists
אוג׳ 25, 2021 9:35:51 אחה״צ Controller.VolunteerContoller showAllVolunteering
INFO: Show all clients in list
אוג׳ 25, 2021 9:35:53 אחה״צ Controller.VolunteerContoller$TakeVolunteeringListener actionPerformed
INFO: Trying to take volunteering from volunteer screen
אוג׳ 25, 2021 9:35:53 אחה״צ Controller.VolunteerContoller$TakeVolunteeringListener actionPerformed
INFO: Get volunteering null that selected from list
אוג׳ 25, 2021 9:35:53 אחה״צ Controller.VolunteerContoller$TakeVolunteeringListener actionPerformed
INFO: Get index {} from volunteering
אוג׳ 25, 2021 9:35:53 אחה״צ Controller.VolunteerContoller$TakeVolunteeringListener actionPerformed
SEVERE: Cannot delete null from db
