אוג׳ 26, 2021 5:00:13 אחה״צ DB.Utilities connectToMySql
INFO: Trying to connect database
אוג׳ 26, 2021 5:00:14 אחה״צ MainWindow main
INFO: dbso connected
אוג׳ 26, 2021 5:00:14 אחה״צ DB.Utilities checkIfSchemaExists
INFO: Check if dbso schema exists
אוג׳ 26, 2021 5:00:14 אחה״צ DB.Utilities checkIfTableExists
INFO: Check if client table exists
אוג׳ 26, 2021 5:00:14 אחה״צ DB.Utilities checkIfTableExists
INFO: Check if volunteering table exists
אוג׳ 26, 2021 5:00:28 אחה״צ Controller.LoginController$RegisterListener actionPerformed
INFO: Going to Register screen
אוג׳ 26, 2021 5:00:54 אחה״צ Controller.RegisterController$GoBackListener actionPerformed
INFO: Go Back to Login screen from Register screen
אוג׳ 26, 2021 5:00:55 אחה״צ Controller.LoginController$LoginListener actionPerformed
INFO: Trying to log in
אוג׳ 26, 2021 5:00:55 אחה״צ Controller.LoginController$LoginListener actionPerformed
WARNING: Log in failed, invalid email
אוג׳ 26, 2021 5:00:58 אחה״צ Controller.LoginController$LoginListener actionPerformed
INFO: Trying to log in
אוג׳ 26, 2021 5:00:58 אחה״צ Controller.LoginController$LoginListener actionPerformed
WARNING: Log in failed, invalid email
