ספט׳ 10, 2021 12:25:06 אחה״צ DB.Utilities connectToMySql
INFO: Trying to connect database
ספט׳ 10, 2021 12:25:07 אחה״צ MainWindow main
INFO: dbso connected
ספט׳ 10, 2021 12:25:07 אחה״צ DB.Utilities checkIfSchemaExists
INFO: Check if dbso schema exists
ספט׳ 10, 2021 12:25:07 אחה״צ DB.Utilities checkIfTableExists
INFO: Check if client table exists
ספט׳ 10, 2021 12:25:07 אחה״צ DB.Utilities checkIfTableExists
INFO: Check if volunteering table exists
ספט׳ 10, 2021 12:25:25 אחה״צ Controller.LoginController$RegisterListener actionPerformed
INFO: Going to Register screen
ספט׳ 10, 2021 12:25:29 אחה״צ Controller.RegisterController$GoBackListener actionPerformed
INFO: Go Back to Login screen from Register screen
ספט׳ 10, 2021 12:25:32 אחה״צ Controller.LoginController$RegisterListener actionPerformed
INFO: Going to Register screen
ספט׳ 10, 2021 12:27:04 אחה״צ Controller.LoginController$LoginListener actionPerformed
INFO: Trying to log in
ספט׳ 10, 2021 12:27:04 אחה״צ Controller.LoginController$LoginListener actionPerformed
INFO: Log in success, going to Admin screen
ספט׳ 10, 2021 12:27:04 אחה״צ Controller.AdminController showAllVolunteering
INFO: Show all clients in list
ספט׳ 10, 2021 12:28:09 אחה״צ Controller.AdminController$addVolunteeringListener actionPerformed
INFO: Trying to add new volunteering
ספט׳ 10, 2021 12:28:09 אחה״צ Controller.AdminController$addVolunteeringListener actionPerformed
INFO: firstName='Itzik Israeli', age='26', gender='male', address='0991231231', phoneNumber='Yavne', problem='Need help..', time='2021-09-10 12:28:09.495 has been added
ספט׳ 10, 2021 12:28:22 אחה״צ Controller.AdminController$logoutListener actionPerformed
INFO: Go back to Login screen from Admin Screnn
ספט׳ 10, 2021 12:28:32 אחה״צ Controller.LoginController$LoginListener actionPerformed
INFO: Trying to log in
ספט׳ 10, 2021 12:28:32 אחה״צ Controller.LoginController$LoginListener actionPerformed
INFO: Log in success, going to Admin screen
ספט׳ 10, 2021 12:28:32 אחה״צ Controller.AdminController showAllVolunteering
INFO: Show all clients in list
ספט׳ 10, 2021 12:28:32 אחה״צ Controller.AdminController showAllVolunteering
INFO: Adding firstName='Itzik Israeli', age='26', gender='male', address='0991231231', phoneNumber='Yavne', problem='Need help..', time='2021-09-10 12:28:09.0 to the list
ספט׳ 10, 2021 12:28:47 אחה״צ Controller.AdminController$UpdateListener actionPerformed
INFO: Trying to update volunteering from Admin screen
ספט׳ 10, 2021 12:28:51 אחה״צ Controller.AdminController$addVolunteeringListener actionPerformed
INFO: Trying to add new volunteering
ספט׳ 10, 2021 12:28:53 אחה״צ Controller.AdminController$addVolunteeringListener actionPerformed
INFO: Add new voulnteering fileds, there are empty fills
ספט׳ 10, 2021 12:29:05 אחה״צ Controller.AdminController$addVolunteeringListener actionPerformed
INFO: Trying to add new volunteering
ספט׳ 10, 2021 12:29:05 אחה״צ Controller.AdminController$addVolunteeringListener actionPerformed
INFO: firstName='Itzik Israeli', age='26', gender='male', address='0502223311', phoneNumber='Afula', problem='Need help..', time='2021-09-10 12:29:05.232 has been added
ספט׳ 10, 2021 12:29:09 אחה״צ Controller.AdminController$DeleteVolunteeringListener actionPerformed
INFO: Trying to delete volunteering from Admin screen
ספט׳ 10, 2021 12:29:09 אחה״צ Controller.AdminController$DeleteVolunteeringListener actionPerformed
INFO: Get volunteering firstName='Itzik Israeli', age='26', gender='male', address='0502223311', phoneNumber='Afula', problem='Need help..', time='2021-09-10 12:29:05.232 that selected from list
ספט׳ 10, 2021 12:29:09 אחה״צ Controller.AdminController$DeleteVolunteeringListener actionPerformed
INFO: Get index {} from volunteering
ספט׳ 10, 2021 12:29:09 אחה״צ Controller.AdminController$DeleteVolunteeringListener actionPerformed
INFO: delete firstName='Itzik Israeli', age='26', gender='male', address='0502223311', phoneNumber='Afula', problem='Need help..', time='2021-09-10 12:29:05.232 from db
ספט׳ 10, 2021 12:29:09 אחה״צ Controller.AdminController$DeleteVolunteeringListener actionPerformed
INFO: delete firstName='Itzik Israeli', age='26', gender='male', address='0502223311', phoneNumber='Afula', problem='Need help..', time='2021-09-10 12:29:05.232 from list
ספט׳ 10, 2021 12:29:17 אחה״צ Controller.AdminController$logoutListener actionPerformed
INFO: Go back to Login screen from Admin Screnn
