אוג׳ 16, 2021 12:45:30 אחה״צ DB.Utilities connectToMySql
INFO: Trying to connect database
אוג׳ 16, 2021 12:45:31 אחה״צ MainWindow main
INFO: dbso connected
אוג׳ 16, 2021 12:45:31 אחה״צ DB.Utilities checkIfSchemaExists
INFO: Check if dbso schema exists
אוג׳ 16, 2021 12:45:31 אחה״צ DB.Utilities checkIfTableExists
INFO: Check if client table exists
אוג׳ 16, 2021 12:45:31 אחה״צ DB.Utilities checkIfTableExists
INFO: Check if volunteering table exists
אוג׳ 16, 2021 12:45:55 אחה״צ Controller.LoginController$LoginListener actionPerformed
INFO: Trying to log in
אוג׳ 16, 2021 12:45:55 אחה״צ Controller.LoginController$LoginListener actionPerformed
INFO: Log in success, going to Manager screen
אוג׳ 16, 2021 12:45:55 אחה״צ Controller.ManagerController showAllUsers
INFO: Show all users in list
אוג׳ 16, 2021 12:45:55 אחה״צ Controller.ManagerController showAllUsers
INFO: Adding FirstName: Amit, LastName: Mizrahi, Address: Modiin, PhoneNumber: 0502713302, Permission: Manager to the list
אוג׳ 16, 2021 12:45:55 אחה״צ Controller.ManagerController showAllUsers
INFO: Adding FirstName: Itzik, LastName: Israeli, Address: Yavne, PhoneNumber: 0501112231, Permission: Volunteer to the list
אוג׳ 16, 2021 12:45:55 אחה״צ Controller.ManagerController showAllUsers
INFO: Adding FirstName: Or, LastName: Ezra, Address: Gan Yavne, PhoneNumber: 0503331111, Permission: Admin to the list
אוג׳ 16, 2021 12:45:55 אחה״צ Controller.ManagerController showAllUsers
INFO: Adding FirstName: Yossi, LastName: Bengaev, Address: Kfat Shumal, PhoneNumber: 0501113333, Permission: Volunteer to the list
אוג׳ 16, 2021 12:45:59 אחה״צ Controller.ManagerController$AddClientListener actionPerformed
INFO: Trying to add new client from Manager screen
אוג׳ 16, 2021 12:45:59 אחה״צ Controller.ManagerController validEmail
SEVERE: Check if email valid for create new client from manager
אוג׳ 16, 2021 12:46:03 אחה״צ Controller.ManagerController validPassword
SEVERE: Check if password valid for create new client from manager
אוג׳ 16, 2021 12:46:06 אחה״צ Controller.ManagerController validFirsName
SEVERE: Check if first name valid for create new client from manager
אוג׳ 16, 2021 12:46:08 אחה״צ Controller.ManagerController validLastName
SEVERE: Check if last name valid for create new client from manager
אוג׳ 16, 2021 12:46:10 אחה״צ Controller.ManagerController validAdress
SEVERE: Check if address valid for create new client from manager
אוג׳ 16, 2021 12:46:15 אחה״צ Controller.ManagerController validPermission
SEVERE: Check if permission valid for create new client from manager
אוג׳ 16, 2021 12:46:18 אחה״צ Controller.ManagerController validPhoneNumber
SEVERE: Check if phone number valid for create new client from manager
אוג׳ 16, 2021 12:46:25 אחה״צ Controller.ManagerController$AddClientListener actionPerformed
INFO: Insert FirstName: Kobi, LastName: Kobi, Address: Tel Aviv, PhoneNumber: 0501231231, Permission: Admin to db
אוג׳ 16, 2021 12:46:25 אחה״צ Controller.ManagerController$AddClientListener actionPerformed
INFO: Insert FirstName: Kobi, LastName: Kobi, Address: Tel Aviv, PhoneNumber: 0501231231, Permission: Admin to list
אוג׳ 16, 2021 12:46:32 אחה״צ Controller.ManagerController$DeleteClientListener actionPerformed
INFO: Trying to delete client from Manager screen
אוג׳ 16, 2021 12:46:32 אחה״צ Controller.ManagerController$DeleteClientListener actionPerformed
INFO: Get client FirstName: Kobi, LastName: Kobi, Address: Tel Aviv, PhoneNumber: 0501231231, Permission: Admin that selected from list
אוג׳ 16, 2021 12:46:32 אחה״צ Controller.ManagerController$DeleteClientListener actionPerformed
INFO: Get index {} from client
אוג׳ 16, 2021 12:46:32 אחה״צ Controller.ManagerController$DeleteClientListener actionPerformed
INFO: delete FirstName: Kobi, LastName: Kobi, Address: Tel Aviv, PhoneNumber: 0501231231, Permission: Admin from db
אוג׳ 16, 2021 12:46:32 אחה״צ Controller.ManagerController$DeleteClientListener actionPerformed
INFO: delete FirstName: Kobi, LastName: Kobi, Address: Tel Aviv, PhoneNumber: 0501231231, Permission: Admin from list
