אוג׳ 23, 2021 6:36:27 אחה״צ DB.Utilities connectToMySql
INFO: Trying to connect database
אוג׳ 23, 2021 6:36:28 אחה״צ MainWindow main
INFO: dbso connected
אוג׳ 23, 2021 6:36:28 אחה״צ DB.Utilities checkIfSchemaExists
INFO: Check if dbso schema exists
אוג׳ 23, 2021 6:36:28 אחה״צ DB.Utilities checkIfTableExists
INFO: Check if client table exists
אוג׳ 23, 2021 6:36:28 אחה״צ DB.Utilities checkIfTableExists
INFO: Check if volunteering table exists
אוג׳ 23, 2021 6:36:30 אחה״צ Controller.AdminController showAllVolunteering
INFO: Show all clients in list
אוג׳ 23, 2021 6:36:30 אחה״צ Controller.AdminController showAllVolunteering
INFO: Adding firstName='Amit Mizrahi', age='25', gender='male', phoneNumber='0502713302', address='Modiin', problem='blah blah to the list
אוג׳ 23, 2021 6:36:34 אחה״צ Controller.AdminController$DeleteVolunteeringListener actionPerformed
INFO: Trying to delete volunteering from Admin screen
אוג׳ 23, 2021 6:36:34 אחה״צ Controller.AdminController$DeleteVolunteeringListener actionPerformed
INFO: Get volunteering firstName='Amit Mizrahi', age='25', gender='male', phoneNumber='0502713302', address='Modiin', problem='blah blah that selected from list
אוג׳ 23, 2021 6:36:34 אחה״צ Controller.AdminController$DeleteVolunteeringListener actionPerformed
INFO: Get index {} from volunteering
אוג׳ 23, 2021 6:36:34 אחה״צ Controller.AdminController$DeleteVolunteeringListener actionPerformed
INFO: delete firstName='Amit Mizrahi', age='25', gender='male', phoneNumber='0502713302', address='Modiin', problem='blah blah from db
אוג׳ 23, 2021 6:36:34 אחה״צ Controller.AdminController$DeleteVolunteeringListener actionPerformed
INFO: delete firstName='Amit Mizrahi', age='25', gender='male', phoneNumber='0502713302', address='Modiin', problem='blah blah from list
אוג׳ 23, 2021 6:37:15 אחה״צ Controller.AdminController$addVolunteeringListener actionPerformed
INFO: Trying to add new volunteering
אוג׳ 23, 2021 6:37:17 אחה״צ Controller.AdminController$addVolunteeringListener actionPerformed
INFO: firstName='Amit Mizrahi', age='25', gender='male', phoneNumber='Modiin', address='0502713302', problem='By by by by has been added
