ספט׳ 13, 2021 6:09:21 אחה״צ DB.Utilities connectToMySql
INFO: Trying to connect database
ספט׳ 13, 2021 6:09:21 אחה״צ MainWindow main
INFO: dbso connected
ספט׳ 13, 2021 6:09:21 אחה״צ DB.Utilities checkIfSchemaExists
INFO: Check if dbso schema exists
ספט׳ 13, 2021 6:09:21 אחה״צ DB.Utilities checkIfTableExists
INFO: Check if client table exists
ספט׳ 13, 2021 6:09:21 אחה״צ DB.Utilities checkIfTableExists
INFO: Check if volunteering table exists
ספט׳ 13, 2021 6:09:45 אחה״צ Controller.LoginController$ContactListener actionPerformed
INFO: Going to Contact screen
ספט׳ 13, 2021 6:09:48 אחה״צ Controller.ContactController$GoBackListener actionPerformed
INFO: Go Back to Login screen from Contact screen
ספט׳ 13, 2021 6:09:50 אחה״צ Controller.LoginController$RegisterListener actionPerformed
INFO: Going to Register screen
ספט׳ 13, 2021 6:09:53 אחה״צ Controller.RegisterController$GoBackListener actionPerformed
INFO: Go Back to Login screen from Register screen
ספט׳ 13, 2021 6:09:54 אחה״צ Controller.LoginController$ContactListener actionPerformed
INFO: Going to Contact screen
ספט׳ 13, 2021 6:09:56 אחה״צ Controller.ContactController$GoBackListener actionPerformed
INFO: Go Back to Login screen from Contact screen
ספט׳ 13, 2021 6:09:57 אחה״צ Controller.LoginController$RegisterListener actionPerformed
INFO: Going to Register screen
ספט׳ 13, 2021 6:10:03 אחה״צ Controller.RegisterController$GoBackListener actionPerformed
INFO: Go Back to Login screen from Register screen
ספט׳ 13, 2021 6:10:11 אחה״צ Controller.LoginController$RegisterListener actionPerformed
INFO: Going to Register screen
ספט׳ 13, 2021 6:10:17 אחה״צ Controller.RegisterController$GoBackListener actionPerformed
INFO: Go Back to Login screen from Register screen
ספט׳ 13, 2021 6:10:21 אחה״צ Controller.LoginController$RegisterListener actionPerformed
INFO: Going to Register screen
ספט׳ 13, 2021 6:11:06 אחה״צ Controller.RegisterController$GoBackListener actionPerformed
INFO: Go Back to Login screen from Register screen
ספט׳ 13, 2021 6:11:15 אחה״צ Controller.LoginController$LoginListener actionPerformed
INFO: Trying to log in
ספט׳ 13, 2021 6:11:15 אחה״צ Controller.LoginController$LoginListener actionPerformed
INFO: Log in success, going to Admin screen
ספט׳ 13, 2021 6:11:15 אחה״צ Controller.AdminController showAllVolunteering
INFO: Show all clients in list
ספט׳ 13, 2021 6:11:36 אחה״צ Controller.AdminController$addVolunteeringListener actionPerformed
INFO: Trying to add new volunteering
ספט׳ 13, 2021 6:11:38 אחה״צ Controller.AdminController$addVolunteeringListener actionPerformed
INFO: Add new voulnteering fileds, there are empty fills
ספט׳ 13, 2021 6:11:45 אחה״צ Controller.AdminController$addVolunteeringListener actionPerformed
INFO: Trying to add new volunteering
ספט׳ 13, 2021 6:11:48 אחה״צ Controller.AdminController$addVolunteeringListener actionPerformed
INFO: Add new voulnteering fileds, there are empty fills
ספט׳ 13, 2021 6:11:52 אחה״צ Controller.AdminController$addVolunteeringListener actionPerformed
INFO: Trying to add new volunteering
ספט׳ 13, 2021 6:11:54 אחה״צ Controller.AdminController$addVolunteeringListener actionPerformed
INFO: Add new voulnteering fileds, there are empty fills
ספט׳ 13, 2021 6:11:59 אחה״צ Controller.AdminController$logoutListener actionPerformed
INFO: Go back to Login screen from Admin Screnn
ספט׳ 13, 2021 6:12:11 אחה״צ Controller.LoginController$LoginListener actionPerformed
INFO: Trying to log in
ספט׳ 13, 2021 6:12:11 אחה״צ Controller.LoginController$LoginListener actionPerformed
INFO: Log in success, going to Volunteer screen
ספט׳ 13, 2021 6:12:11 אחה״צ Controller.VolunteerContoller showAllVolunteering
INFO: Show all clients in list
ספט׳ 13, 2021 6:12:44 אחה״צ Controller.VolunteerContoller$logoutListener actionPerformed
INFO: Go back to Login screen from Volunteer Screnn
