אוג׳ 16, 2021 12:00:35 אחה״צ DB.Utilities connectToMySql
INFO: Trying to connect database
אוג׳ 16, 2021 12:00:36 אחה״צ MainWindow main
INFO: dbso connected
אוג׳ 16, 2021 12:00:36 אחה״צ DB.Utilities checkIfSchemaExists
INFO: Check if dbso schema exists
אוג׳ 16, 2021 12:00:36 אחה״צ DB.Utilities checkIfTableExists
INFO: Check if client table exists
אוג׳ 16, 2021 12:00:36 אחה״צ DB.Utilities checkIfTableExists
INFO: Check if volunteering table exists
אוג׳ 16, 2021 12:00:45 אחה״צ Controller.LoginController$LoginListener actionPerformed
INFO: Trying to log in
אוג׳ 16, 2021 12:00:45 אחה״צ Controller.LoginController$LoginListener actionPerformed
INFO: Log in success, going to Manager screen
אוג׳ 16, 2021 12:00:46 אחה״צ Controller.ManagerController showAllUsers
INFO: Show all users in list
אוג׳ 16, 2021 12:00:46 אחה״צ Controller.ManagerController showAllUsers
INFO: Adding FirstName: Amit, LastName: Mizrahi, Address: Modiin, PhoneNumber: 0502713302, Permission: Manager to the list
אוג׳ 16, 2021 12:00:46 אחה״צ Controller.ManagerController showAllUsers
INFO: Adding FirstName: Itzik, LastName: Israeli, Address: Yavne, PhoneNumber: 0501112231, Permission: Volunteer to the list
אוג׳ 16, 2021 12:00:46 אחה״צ Controller.ManagerController showAllUsers
INFO: Adding FirstName: Or, LastName: Ezra, Address: Gan Yavne, PhoneNumber: 0503331111, Permission: Admin to the list
אוג׳ 16, 2021 12:00:46 אחה״צ Controller.ManagerController showAllUsers
INFO: Adding FirstName: Yossi, LastName: Bengaev, Address: Kfat Shumal, PhoneNumber: 0501113333, Permission: Volunteer to the list
אוג׳ 16, 2021 12:00:47 אחה״צ Controller.ManagerController$AddClientListener actionPerformed
INFO: Trying to add new client
אוג׳ 16, 2021 12:00:47 אחה״צ Controller.ManagerController validEmail
SEVERE: Check if email valid for create new client from manager
אוג׳ 16, 2021 12:00:57 אחה״צ Controller.ManagerController validPassword
SEVERE: Check if password valid for create new client from manager
אוג׳ 16, 2021 12:01:01 אחה״צ Controller.ManagerController validFirsName
SEVERE: Check if first name valid for create new client from manager
אוג׳ 16, 2021 12:01:04 אחה״צ Controller.ManagerController validLastName
SEVERE: Check if last name valid for create new client from manager
אוג׳ 16, 2021 12:01:06 אחה״צ Controller.ManagerController validAdress
SEVERE: Check if address valid for create new client from manager
אוג׳ 16, 2021 12:01:15 אחה״צ Controller.ManagerController validPermission
SEVERE: Check if permission valid for create new client from manager
אוג׳ 16, 2021 12:01:37 אחה״צ Controller.ManagerController validPermission
SEVERE: Manager insert invalid permission
