אוג׳ 25, 2021 9:17:42 אחה״צ DB.Utilities connectToMySql
INFO: Trying to connect database
אוג׳ 25, 2021 9:17:43 אחה״צ MainWindow main
INFO: dbso connected
אוג׳ 25, 2021 9:17:43 אחה״צ DB.Utilities checkIfSchemaExists
INFO: Check if dbso schema exists
אוג׳ 25, 2021 9:17:43 אחה״צ DB.Utilities checkIfTableExists
INFO: Check if client table exists
אוג׳ 25, 2021 9:17:43 אחה״צ DB.Utilities checkIfTableExists
INFO: Check if volunteering table exists
אוג׳ 25, 2021 9:17:44 אחה״צ Controller.VolunteerContoller showAllVolunteering
INFO: Show all clients in list
אוג׳ 25, 2021 9:17:44 אחה״צ Controller.VolunteerContoller showAllVolunteering
INFO: Adding firstName='Or Ezra', age='26', gender='male', phoneNumber='0561113322', address='Yavne', problem='I need midicin for sqize to the list
אוג׳ 25, 2021 9:18:11 אחה״צ Controller.VolunteerContoller$SearchListener actionPerformed
INFO: There are not volunteering
אוג׳ 25, 2021 9:18:14 אחה״צ Controller.VolunteerContoller$SearchListener actionPerformed
INFO: There are not volunteering
אוג׳ 25, 2021 9:18:17 אחה״צ Controller.VolunteerContoller$SearchListener actionPerformed
INFO: There are not volunteering
אוג׳ 25, 2021 9:18:25 אחה״צ Controller.VolunteerContoller$SearchListener actionPerformed
INFO: There are not volunteering
