אוג׳ 13, 2021 6:05:16 אחה״צ DB.Utilities connectToMySql
INFO: Trying to connect database
אוג׳ 13, 2021 6:05:16 אחה״צ DB.Utilities checkIfSchemaExists
INFO: Check if dbso schema exists
אוג׳ 13, 2021 6:05:16 אחה״צ DB.Utilities checkIfTableExists
INFO: Check if client table exists
אוג׳ 13, 2021 6:05:18 אחה״צ Controller.LoginController$LoginListener actionPerformed
INFO: Trying to log in
אוג׳ 13, 2021 6:05:18 אחה״צ Controller.LoginController$LoginListener actionPerformed
WARNING: Log in failed, invalid email
אוג׳ 13, 2021 6:05:20 אחה״צ Controller.LoginController$ContactListener actionPerformed
INFO: Going to Contact screen
אוג׳ 13, 2021 6:05:21 אחה״צ Controller.ContactController$GoBackListener actionPerformed
INFO: Go Back to Login screen from Contact screen
אוג׳ 13, 2021 6:05:22 אחה״צ Controller.LoginController$RegisterListener actionPerformed
INFO: Going to Register screen
אוג׳ 13, 2021 6:05:24 אחה״צ Controller.RegisterController$RegisterListener actionPerformed
WARNING: Register failed, input wrong
אוג׳ 13, 2021 6:05:25 אחה״צ Controller.RegisterController$GoBackListener actionPerformed
INFO: Go Back to Login screen from Register screen
