אוג׳ 23, 2021 3:38:57 אחה״צ DB.Utilities connectToMySql
INFO: Trying to connect database
אוג׳ 23, 2021 3:38:58 אחה״צ MainWindow main
INFO: dbso connected
אוג׳ 23, 2021 3:38:58 אחה״צ DB.Utilities checkIfSchemaExists
INFO: Check if dbso schema exists
אוג׳ 23, 2021 3:38:58 אחה״צ DB.Utilities checkIfTableExists
INFO: Check if client table exists
אוג׳ 23, 2021 3:38:58 אחה״צ DB.Utilities checkIfTableExists
INFO: Check if volunteering table exists
אוג׳ 23, 2021 3:38:59 אחה״צ Controller.AdminController showAllVolunteering
INFO: Show all clients in list
אוג׳ 23, 2021 3:38:59 אחה״צ Controller.AdminController showAllVolunteering
INFO: Adding firstName='Amit Mizrahi', age='25', gender='male', phoneNumber='Modiin', address='0502713302', problem='I need.. to the list
אוג׳ 23, 2021 3:38:59 אחה״צ Controller.AdminController showAllVolunteering
INFO: Adding firstName='Amit Mizrahi', age='25', gender='male', phoneNumber='Modiin', address='0502713302', problem='I need... to the list
אוג׳ 23, 2021 3:38:59 אחה״צ Controller.AdminController showAllVolunteering
INFO: Adding firstName='Amit Mizrahi', age='25', gender='male', phoneNumber='Modiin', address='0502713302', problem='I need... to the list
אוג׳ 23, 2021 3:38:59 אחה״צ Controller.AdminController showAllVolunteering
INFO: Adding firstName='Amit Mizrahi', age='16', gender='male', phoneNumber='Modiin', address='0502713302', problem='I need.. to the list
