אוג׳ 16, 2021 12:29:50 אחה״צ DB.Utilities connectToMySql
INFO: Trying to connect database
אוג׳ 16, 2021 12:29:51 אחה״צ MainWindow main
INFO: dbso connected
אוג׳ 16, 2021 12:29:51 אחה״צ DB.Utilities checkIfSchemaExists
INFO: Check if dbso schema exists
אוג׳ 16, 2021 12:29:51 אחה״צ DB.Utilities checkIfTableExists
INFO: Check if client table exists
אוג׳ 16, 2021 12:29:51 אחה״צ DB.Utilities checkIfTableExists
INFO: Check if volunteering table exists
אוג׳ 16, 2021 12:30:05 אחה״צ Controller.LoginController$LoginListener actionPerformed
INFO: Trying to log in
אוג׳ 16, 2021 12:30:05 אחה״צ Controller.LoginController$LoginListener actionPerformed
INFO: Log in success, going to Manager screen
אוג׳ 16, 2021 12:30:05 אחה״צ Controller.ManagerController showAllUsers
INFO: Show all users in list
אוג׳ 16, 2021 12:30:05 אחה״צ Controller.ManagerController showAllUsers
INFO: Adding FirstName: Amit, LastName: Mizrahi, Address: Modiin, PhoneNumber: 0502713302, Permission: Manager to the list
אוג׳ 16, 2021 12:30:05 אחה״צ Controller.ManagerController showAllUsers
INFO: Adding FirstName: Itzik, LastName: Israeli, Address: Yavne, PhoneNumber: 0501112231, Permission: Volunteer to the list
אוג׳ 16, 2021 12:30:05 אחה״צ Controller.ManagerController showAllUsers
INFO: Adding FirstName: Or, LastName: Ezra, Address: Gan Yavne, PhoneNumber: 0503331111, Permission: Admin to the list
אוג׳ 16, 2021 12:30:05 אחה״צ Controller.ManagerController showAllUsers
INFO: Adding FirstName: Yossi, LastName: Bengaev, Address: Kfat Shumal, PhoneNumber: 0501113333, Permission: Volunteer to the list
אוג׳ 16, 2021 12:30:07 אחה״צ Controller.ManagerController$AddClientListener actionPerformed
INFO: Trying to add new client
אוג׳ 16, 2021 12:30:07 אחה״צ Controller.ManagerController validEmail
SEVERE: Check if email valid for create new client from manager
אוג׳ 16, 2021 12:30:13 אחה״צ Controller.ManagerController validPassword
SEVERE: Check if password valid for create new client from manager
אוג׳ 16, 2021 12:30:17 אחה״צ Controller.ManagerController validFirsName
SEVERE: Check if first name valid for create new client from manager
אוג׳ 16, 2021 12:30:21 אחה״צ Controller.ManagerController validLastName
SEVERE: Check if last name valid for create new client from manager
אוג׳ 16, 2021 12:30:22 אחה״צ Controller.ManagerController validAdress
SEVERE: Check if address valid for create new client from manager
אוג׳ 16, 2021 12:30:26 אחה״צ Controller.ManagerController validPermission
SEVERE: Check if permission valid for create new client from manager
אוג׳ 16, 2021 12:30:30 אחה״צ Controller.ManagerController validPhoneNumber
SEVERE: Check if phone number valid for create new client from manager
אוג׳ 16, 2021 12:30:40 אחה״צ Controller.ManagerController$AddClientListener actionPerformed
INFO: Insert new client to database
