אוג׳ 23, 2021 7:14:42 אחה״צ DB.Utilities connectToMySql
INFO: Trying to connect database
אוג׳ 23, 2021 7:14:42 אחה״צ MainWindow main
INFO: dbso connected
אוג׳ 23, 2021 7:14:42 אחה״צ DB.Utilities checkIfSchemaExists
INFO: Check if dbso schema exists
אוג׳ 23, 2021 7:14:43 אחה״צ DB.Utilities checkIfTableExists
INFO: Check if client table exists
אוג׳ 23, 2021 7:14:43 אחה״צ DB.Utilities checkIfTableExists
INFO: Check if volunteering table exists
אוג׳ 23, 2021 7:15:23 אחה״צ Controller.LoginController$LoginListener actionPerformed
INFO: Trying to log in
אוג׳ 23, 2021 7:15:23 אחה״צ Controller.LoginController$LoginListener actionPerformed
INFO: Log in success, going to Admin screen
אוג׳ 23, 2021 7:15:24 אחה״צ Controller.AdminController showAllVolunteering
INFO: Show all clients in list
אוג׳ 23, 2021 7:15:24 אחה״צ Controller.AdminController showAllVolunteering
INFO: Adding firstName='Amit Mizrahi', age='25', gender='male', phoneNumber='0502713302', address='Modiin', problem='Babaababab to the list
אוג׳ 23, 2021 7:16:03 אחה״צ Controller.AdminController$addVolunteeringListener actionPerformed
INFO: Trying to add new volunteering
אוג׳ 23, 2021 7:16:03 אחה״צ Controller.AdminController$addVolunteeringListener actionPerformed
INFO: firstName='Zohar Hajaj', age='25', gender='female', phoneNumber='Tel Aviv', address='0523879425', problem='I have annoying boyfriend... has been added
אוג׳ 23, 2021 7:16:11 אחה״צ Controller.AdminController$UpdateListener actionPerformed
INFO: Trying to update volunteering from Admin screen
אוג׳ 23, 2021 7:16:11 אחה״צ Controller.AdminController$UpdateListener actionPerformed
INFO: Trying to update volunteering from Admin screen
אוג׳ 23, 2021 7:16:29 אחה״צ Controller.AdminController$addVolunteeringListener actionPerformed
INFO: Trying to add new volunteering
אוג׳ 23, 2021 7:16:31 אחה״צ Controller.AdminController$addVolunteeringListener actionPerformed
INFO: Add new voulnteering fileds, there are empty fills
אוג׳ 23, 2021 7:16:41 אחה״צ Controller.AdminController$addVolunteeringListener actionPerformed
INFO: Trying to add new volunteering
אוג׳ 23, 2021 7:16:41 אחה״צ Controller.AdminController$addVolunteeringListener actionPerformed
INFO: firstName='Zohar Hajaj', age='25', gender='female', phoneNumber='Tel Aviv', address='0523879425', problem='I have annoying boyfriend... has been added
