ספט׳ 03, 2021 3:52:39 אחה״צ DB.Utilities connectToMySql
INFO: Trying to connect database
ספט׳ 03, 2021 3:52:40 אחה״צ MainWindow main
INFO: dbso connected
ספט׳ 03, 2021 3:52:40 אחה״צ DB.Utilities checkIfSchemaExists
INFO: Check if dbso schema exists
ספט׳ 03, 2021 3:52:40 אחה״צ DB.Utilities checkIfTableExists
INFO: Check if client table exists
ספט׳ 03, 2021 3:52:40 אחה״צ DB.Utilities checkIfTableExists
INFO: Check if volunteering table exists
ספט׳ 03, 2021 3:52:50 אחה״צ Controller.RegisterController$RegisterListener actionPerformed
WARNING: Register failed, input wrong
ספט׳ 03, 2021 3:52:57 אחה״צ Controller.RegisterController$RegisterListener actionPerformed
WARNING: Register failed, input wrong
ספט׳ 03, 2021 3:53:06 אחה״צ Controller.RegisterController$RegisterListener actionPerformed
WARNING: Register failed, input wrong
ספט׳ 03, 2021 3:53:41 אחה״צ Controller.RegisterController$RegisterListener actionPerformed
WARNING: Register failed, input wrong
ספט׳ 03, 2021 3:54:08 אחה״צ Controller.RegisterController$RegisterListener actionPerformed
WARNING: Register failed, input wrong
ספט׳ 03, 2021 3:54:33 אחה״צ Controller.RegisterController$RegisterListener actionPerformed
WARNING: Register failed, input wrong
