אוג׳ 16, 2021 11:35:34 לפנה״צ DB.Utilities connectToMySql
INFO: Trying to connect database
אוג׳ 16, 2021 11:35:34 לפנה״צ MainWindow main
INFO: dbso connected
אוג׳ 16, 2021 11:35:34 לפנה״צ DB.Utilities checkIfSchemaExists
INFO: Check if dbso schema exists
אוג׳ 16, 2021 11:35:35 לפנה״צ DB.Utilities checkIfTableExists
INFO: Check if client table exists
אוג׳ 16, 2021 11:35:35 לפנה״צ DB.Utilities checkIfTableExists
INFO: Check if volunteering table exists
אוג׳ 16, 2021 11:35:43 לפנה״צ Controller.LoginController$LoginListener actionPerformed
INFO: Trying to log in
אוג׳ 16, 2021 11:35:43 לפנה״צ Controller.LoginController$LoginListener actionPerformed
INFO: Log in success, going to Manager screen
אוג׳ 16, 2021 11:35:43 לפנה״צ Controller.ManagerController showAllUsers
INFO: Show all users in list
אוג׳ 16, 2021 11:35:43 לפנה״צ Controller.ManagerController showAllUsers
INFO: Adding FirstName: Amit, LastName: Mizrahi, Address: Modiin, PhoneNumber: 0502713302, Permission: Manager to the list
אוג׳ 16, 2021 11:35:43 לפנה״צ Controller.ManagerController showAllUsers
INFO: Adding FirstName: Itzik, LastName: Israeli, Address: Yavne, PhoneNumber: 0501112231, Permission: Volunteer to the list
אוג׳ 16, 2021 11:35:43 לפנה״צ Controller.ManagerController showAllUsers
INFO: Adding FirstName: Or, LastName: Ezra, Address: Gan Yavne, PhoneNumber: 0503331111, Permission: Admin to the list
אוג׳ 16, 2021 11:35:43 לפנה״צ Controller.ManagerController showAllUsers
INFO: Adding FirstName: Yossi, LastName: Bengaev, Address: Kfat Shumal, PhoneNumber: 0501113333, Permission: Volunteer to the list
אוג׳ 16, 2021 11:35:44 לפנה״צ Controller.ManagerController$AddClientListener actionPerformed
INFO: Trying to add new client
אוג׳ 16, 2021 11:35:49 לפנה״צ Controller.ManagerController$AddClientListener actionPerformed
SEVERE: Manager insert invalid email
אוג׳ 16, 2021 11:35:50 לפנה״צ Controller.ManagerController$AddClientListener actionPerformed
SEVERE: Manager insert invalid email
אוג׳ 16, 2021 11:35:51 לפנה״צ Controller.ManagerController$AddClientListener actionPerformed
SEVERE: Manager insert invalid email
אוג׳ 16, 2021 11:35:55 לפנה״צ Controller.ManagerController$AddClientListener actionPerformed
SEVERE: Manager insert invalid email
