אוג׳ 19, 2021 2:39:29 אחה״צ DB.Utilities connectToMySql
INFO: Trying to connect database
אוג׳ 19, 2021 2:39:30 אחה״צ MainWindow main
INFO: dbso connected
אוג׳ 19, 2021 2:39:30 אחה״צ DB.Utilities checkIfSchemaExists
INFO: Check if dbso schema exists
אוג׳ 19, 2021 2:39:30 אחה״צ DB.Utilities checkIfTableExists
INFO: Check if client table exists
אוג׳ 19, 2021 2:39:30 אחה״צ DB.Utilities checkIfTableExists
INFO: Check if volunteering table exists
אוג׳ 19, 2021 2:39:32 אחה״צ Controller.LoginController$RegisterListener actionPerformed
INFO: Going to Register screen
אוג׳ 19, 2021 2:39:34 אחה״צ Controller.RegisterController$RegisterListener actionPerformed
WARNING: Register failed, input wrong
אוג׳ 19, 2021 2:39:38 אחה״צ Controller.RegisterController$RegisterListener actionPerformed
WARNING: Register failed, input wrong
אוג׳ 19, 2021 2:39:44 אחה״צ Controller.RegisterController$RegisterListener actionPerformed
WARNING: Register failed, input wrong
אוג׳ 19, 2021 2:39:54 אחה״צ Controller.RegisterController$RegisterListener actionPerformed
WARNING: Register failed, input wrong
