אוג׳ 26, 2021 4:46:57 אחה״צ DB.Utilities connectToMySql
INFO: Trying to connect database
אוג׳ 26, 2021 4:46:58 אחה״צ MainWindow main
INFO: dbso connected
אוג׳ 26, 2021 4:46:58 אחה״צ DB.Utilities checkIfSchemaExists
INFO: Check if dbso schema exists
אוג׳ 26, 2021 4:46:58 אחה״צ DB.Utilities checkIfTableExists
INFO: Check if client table exists
אוג׳ 26, 2021 4:46:58 אחה״צ DB.Utilities checkIfTableExists
INFO: Check if volunteering table exists
אוג׳ 26, 2021 4:47:22 אחה״צ Controller.LoginController$ContactListener actionPerformed
INFO: Going to Contact screen
אוג׳ 26, 2021 4:47:26 אחה״צ Controller.ContactController$GoBackListener actionPerformed
INFO: Go Back to Login screen from Contact screen
אוג׳ 26, 2021 4:47:28 אחה״צ Controller.LoginController$RegisterListener actionPerformed
INFO: Going to Register screen
אוג׳ 26, 2021 4:47:38 אחה״צ Controller.RegisterController$GoBackListener actionPerformed
INFO: Go Back to Login screen from Register screen
אוג׳ 26, 2021 4:47:40 אחה״צ Controller.LoginController$ContactListener actionPerformed
INFO: Going to Contact screen
אוג׳ 26, 2021 4:47:41 אחה״צ Controller.ContactController$GoBackListener actionPerformed
INFO: Go Back to Login screen from Contact screen
אוג׳ 26, 2021 4:47:50 אחה״צ Controller.LoginController$RegisterListener actionPerformed
INFO: Going to Register screen
אוג׳ 26, 2021 4:47:52 אחה״צ Controller.RegisterController$GoBackListener actionPerformed
INFO: Go Back to Login screen from Register screen
