אוג׳ 19, 2021 1:38:14 אחה״צ DB.Utilities connectToMySql
INFO: Trying to connect database
אוג׳ 19, 2021 1:38:15 אחה״צ MainWindow main
INFO: dbso connected
אוג׳ 19, 2021 1:38:15 אחה״צ DB.Utilities checkIfSchemaExists
INFO: Check if dbso schema exists
אוג׳ 19, 2021 1:38:15 אחה״צ DB.Utilities checkIfTableExists
INFO: Check if client table exists
אוג׳ 19, 2021 1:38:15 אחה״צ DB.Utilities checkIfTableExists
INFO: Check if volunteering table exists
אוג׳ 19, 2021 1:38:15 אחה״צ DB.Utilities createTable
INFO: Trying to create volunteering table
אוג׳ 19, 2021 1:38:15 אחה״צ DB.Utilities createTable
INFO: table volunteering created
אוג׳ 19, 2021 1:38:28 אחה״צ Controller.LoginController$ContactListener actionPerformed
INFO: Going to Contact screen
אוג׳ 19, 2021 1:38:29 אחה״צ Controller.ContactController$GoBackListener actionPerformed
INFO: Go Back to Login screen from Contact screen
אוג׳ 19, 2021 1:38:30 אחה״צ Controller.LoginController$RegisterListener actionPerformed
INFO: Going to Register screen
אוג׳ 19, 2021 1:38:31 אחה״צ Controller.RegisterController$GoBackListener actionPerformed
INFO: Go Back to Login screen from Register screen
אוג׳ 19, 2021 1:38:56 אחה״צ Controller.LoginController$LoginListener actionPerformed
INFO: Trying to log in
אוג׳ 19, 2021 1:38:56 אחה״צ Controller.LoginController$LoginListener actionPerformed
INFO: Log in success, going to Admin screen
