אוג׳ 25, 2021 9:34:53 אחה״צ DB.Utilities connectToMySql
INFO: Trying to connect database
אוג׳ 25, 2021 9:34:53 אחה״צ MainWindow main
INFO: dbso connected
אוג׳ 25, 2021 9:34:53 אחה״צ DB.Utilities checkIfSchemaExists
INFO: Check if dbso schema exists
אוג׳ 25, 2021 9:34:53 אחה״צ DB.Utilities checkIfTableExists
INFO: Check if client table exists
אוג׳ 25, 2021 9:34:53 אחה״צ DB.Utilities checkIfTableExists
INFO: Check if volunteering table exists
אוג׳ 25, 2021 9:34:55 אחה״צ Controller.VolunteerContoller showAllVolunteering
INFO: Show all clients in list
אוג׳ 25, 2021 9:34:55 אחה״צ Controller.VolunteerContoller showAllVolunteering
INFO: Adding firstName='Or Ezra', age='26', gender='male', phoneNumber='0561113322', address='Yavne', problem='I need midicin for sqize to the list
אוג׳ 25, 2021 9:35:03 אחה״צ Controller.VolunteerContoller$TakeVolunteeringListener actionPerformed
INFO: Trying to take volunteering from volunteer screen
אוג׳ 25, 2021 9:35:03 אחה״צ Controller.VolunteerContoller$TakeVolunteeringListener actionPerformed
INFO: Get volunteering firstName='Or Ezra', age='26', gender='male', phoneNumber='0561113322', address='Yavne', problem='I need midicin for sqize that selected from list
אוג׳ 25, 2021 9:35:03 אחה״צ Controller.VolunteerContoller$TakeVolunteeringListener actionPerformed
INFO: Get index {} from volunteering
אוג׳ 25, 2021 9:35:03 אחה״צ Controller.VolunteerContoller$TakeVolunteeringListener actionPerformed
INFO: delete firstName='Or Ezra', age='26', gender='male', phoneNumber='0561113322', address='Yavne', problem='I need midicin for sqize from db
אוג׳ 25, 2021 9:35:03 אחה״צ Controller.VolunteerContoller$TakeVolunteeringListener actionPerformed
INFO: delete firstName='Or Ezra', age='26', gender='male', phoneNumber='0561113322', address='Yavne', problem='I need midicin for sqize from list
