ספט׳ 03, 2021 5:05:06 אחה״צ DB.Utilities connectToMySql
INFO: Trying to connect database
ספט׳ 03, 2021 5:05:06 אחה״צ MainWindow main
INFO: dbso connected
ספט׳ 03, 2021 5:05:06 אחה״צ DB.Utilities checkIfSchemaExists
INFO: Check if dbso schema exists
ספט׳ 03, 2021 5:05:06 אחה״צ DB.Utilities checkIfTableExists
INFO: Check if client table exists
ספט׳ 03, 2021 5:05:06 אחה״צ DB.Utilities checkIfTableExists
INFO: Check if volunteering table exists
ספט׳ 03, 2021 5:06:02 אחה״צ Controller.LoginController$LoginListener actionPerformed
INFO: Trying to log in
ספט׳ 03, 2021 5:06:02 אחה״צ Controller.LoginController$LoginListener actionPerformed
INFO: Log in success, going to Manager screen
ספט׳ 03, 2021 5:06:02 אחה״צ Controller.ManagerController showAllUsers
INFO: Show all clients in list
ספט׳ 03, 2021 5:06:02 אחה״צ Controller.ManagerController showAllUsers
INFO: Adding FirstName: Itzik, LastName: Israeli, Address: Yavne, PhoneNumber: 0501112231, Permission: Volunteer to the list
ספט׳ 03, 2021 5:06:02 אחה״צ Controller.ManagerController showAllUsers
INFO: Adding FirstName: Or, LastName: Ezra, Address: Gan Yavne, PhoneNumber: 0503331111, Permission: Admin to the list
ספט׳ 03, 2021 5:06:02 אחה״צ Controller.ManagerController showAllUsers
INFO: Adding FirstName: Yossi, LastName: Bengaev, Address: Kfat Shumal, PhoneNumber: 0501113333, Permission: Volunteer to the list
ספט׳ 03, 2021 5:06:02 אחה״צ Controller.ManagerController$AddClientListener actionPerformed
INFO: Trying to add new client from Manager screen
ספט׳ 03, 2021 5:06:02 אחה״צ Controller.ManagerController validEmail
SEVERE: Check if email valid for create new client from manager
ספט׳ 03, 2021 5:06:11 אחה״צ Controller.ManagerController validPassword
SEVERE: Check if password valid for create new client from manager
ספט׳ 03, 2021 5:06:21 אחה״צ Controller.ManagerController validFirsName
SEVERE: Check if first name valid for create new client from manager
ספט׳ 03, 2021 5:06:24 אחה״צ Controller.ManagerController validLastName
SEVERE: Check if last name valid for create new client from manager
ספט׳ 03, 2021 5:06:27 אחה״צ Controller.ManagerController validAdress
SEVERE: Check if address valid for create new client from manager
ספט׳ 03, 2021 5:06:31 אחה״צ Controller.ManagerController validPermission
SEVERE: Check if permission valid for create new client from manager
ספט׳ 03, 2021 5:06:37 אחה״צ Controller.ManagerController validPhoneNumber
SEVERE: Check if phone number valid for create new client from manager
ספט׳ 03, 2021 5:06:45 אחה״צ Controller.ManagerController$AddClientListener actionPerformed
INFO: Insert FirstName: Zohar, LastName: Hajaj, Address: Tel Aviv, PhoneNumber: 0555553211, Permission: Admin to db
ספט׳ 03, 2021 5:06:45 אחה״צ Controller.ManagerController$AddClientListener actionPerformed
INFO: Insert FirstName: Zohar, LastName: Hajaj, Address: Tel Aviv, PhoneNumber: 0555553211, Permission: Admin to list
ספט׳ 03, 2021 5:07:00 אחה״צ Controller.ManagerController$DeleteClientListener actionPerformed
INFO: Trying to delete client from Manager screen
ספט׳ 03, 2021 5:07:00 אחה״צ Controller.ManagerController$DeleteClientListener actionPerformed
INFO: Get client FirstName: Zohar, LastName: Hajaj, Address: Tel Aviv, PhoneNumber: 0555553211, Permission: Admin that selected from list
ספט׳ 03, 2021 5:07:00 אחה״צ Controller.ManagerController$DeleteClientListener actionPerformed
INFO: Get index {} from client
ספט׳ 03, 2021 5:07:00 אחה״צ Controller.ManagerController$DeleteClientListener actionPerformed
INFO: delete FirstName: Zohar, LastName: Hajaj, Address: Tel Aviv, PhoneNumber: 0555553211, Permission: Admin from db
ספט׳ 03, 2021 5:07:00 אחה״צ Controller.ManagerController$DeleteClientListener actionPerformed
INFO: delete FirstName: Zohar, LastName: Hajaj, Address: Tel Aviv, PhoneNumber: 0555553211, Permission: Admin from list
ספט׳ 03, 2021 5:07:02 אחה״צ Controller.ManagerController$GoBackListener actionPerformed
INFO: Go back to Login screen from Manager Screnn
ספט׳ 03, 2021 5:07:10 אחה״צ Controller.LoginController$ContactListener actionPerformed
INFO: Going to Contact screen
ספט׳ 03, 2021 5:07:11 אחה״צ Controller.ContactController$GoBackListener actionPerformed
INFO: Go Back to Login screen from Contact screen
ספט׳ 03, 2021 5:07:13 אחה״צ Controller.LoginController$RegisterListener actionPerformed
INFO: Going to Register screen
ספט׳ 03, 2021 5:07:49 אחה״צ Controller.RegisterController$GoBackListener actionPerformed
INFO: Go Back to Login screen from Register screen
