אוג׳ 26, 2021 12:46:25 אחה״צ DB.Utilities connectToMySql
INFO: Trying to connect database
אוג׳ 26, 2021 12:46:25 אחה״צ MainWindow main
INFO: dbso connected
אוג׳ 26, 2021 12:46:25 אחה״צ DB.Utilities checkIfSchemaExists
INFO: Check if dbso schema exists
אוג׳ 26, 2021 12:46:25 אחה״צ DB.Utilities checkIfTableExists
INFO: Check if client table exists
אוג׳ 26, 2021 12:46:25 אחה״צ DB.Utilities checkIfTableExists
INFO: Check if volunteering table exists
אוג׳ 26, 2021 12:46:26 אחה״צ Controller.ManagerController showAllUsers
INFO: Show all clients in list
אוג׳ 26, 2021 12:46:26 אחה״צ Controller.ManagerController showAllUsers
INFO: Adding FirstName: Itzik, LastName: Israeli, Address: Yavne, PhoneNumber: 0501112231, Permission: Volunteer to the list
אוג׳ 26, 2021 12:46:26 אחה״צ Controller.ManagerController showAllUsers
INFO: Adding FirstName: Or, LastName: Ezra, Address: Gan Yavne, PhoneNumber: 0503331111, Permission: Admin to the list
אוג׳ 26, 2021 12:46:26 אחה״צ Controller.ManagerController showAllUsers
INFO: Adding FirstName: Yossi, LastName: Bengaev, Address: Kfat Shumal, PhoneNumber: 0501113333, Permission: Volunteer to the list
אוג׳ 26, 2021 12:46:27 אחה״צ Controller.ManagerController$DeleteClientListener actionPerformed
INFO: Manager dont selected item
