אוג׳ 19, 2021 3:10:42 אחה״צ DB.Utilities connectToMySql
INFO: Trying to connect database
אוג׳ 19, 2021 3:10:42 אחה״צ MainWindow main
INFO: dbso connected
אוג׳ 19, 2021 3:10:42 אחה״צ DB.Utilities checkIfSchemaExists
INFO: Check if dbso schema exists
אוג׳ 19, 2021 3:10:42 אחה״צ DB.Utilities checkIfTableExists
INFO: Check if client table exists
אוג׳ 19, 2021 3:10:42 אחה״צ DB.Utilities checkIfTableExists
INFO: Check if volunteering table exists
אוג׳ 19, 2021 3:10:56 אחה״צ Controller.LoginController$RegisterListener actionPerformed
INFO: Going to Register screen
אוג׳ 19, 2021 3:10:57 אחה״צ Controller.RegisterController$RegisterListener actionPerformed
WARNING: Register failed, input wrong
אוג׳ 19, 2021 3:11:01 אחה״צ Controller.RegisterController$RegisterListener actionPerformed
WARNING: Register failed, input wrong
אוג׳ 19, 2021 3:11:05 אחה״צ Controller.RegisterController$RegisterListener actionPerformed
WARNING: Register failed, input wrong
אוג׳ 19, 2021 3:11:06 אחה״צ Controller.RegisterController$RegisterListener actionPerformed
WARNING: Register failed, input wrong
אוג׳ 19, 2021 3:11:07 אחה״צ Controller.RegisterController$RegisterListener actionPerformed
WARNING: Register failed, input wrong
אוג׳ 19, 2021 3:11:08 אחה״צ Controller.RegisterController$RegisterListener actionPerformed
WARNING: Register failed, input wrong
אוג׳ 19, 2021 3:11:08 אחה״צ Controller.RegisterController$RegisterListener actionPerformed
WARNING: Register failed, input wrong
אוג׳ 19, 2021 3:11:08 אחה״צ Controller.RegisterController$RegisterListener actionPerformed
WARNING: Register failed, input wrong
אוג׳ 19, 2021 3:11:08 אחה״צ Controller.RegisterController$RegisterListener actionPerformed
WARNING: Register failed, input wrong
אוג׳ 19, 2021 3:11:12 אחה״צ Controller.RegisterController$GoBackListener actionPerformed
INFO: Go Back to Login screen from Register screen
