ספט׳ 08, 2021 4:25:55 אחה״צ DB.Utilities connectToMySql
INFO: Trying to connect database
Sep 08, 2021 4:25:58 PM DB.Utilities connectToMySql
INFO: Trying to connect database
Sep 08, 2021 4:25:59 PM DB.Utilities connectToMySql
INFO: Trying to connect database
Sep 08, 2021 4:26:20 PM DB.Utilities connectToMySql
INFO: Trying to connect database
Sep 08, 2021 4:26:30 PM DB.Utilities connectToMySql
INFO: Trying to connect database
Sep 08, 2021 4:26:31 PM Controller.LoginController$LoginListener actionPerformed
INFO: Trying to log in
Sep 08, 2021 4:26:31 PM Controller.LoginController$LoginListener actionPerformed
INFO: Log in success, going to Manager screen
Sep 08, 2021 4:26:31 PM Controller.ManagerController showAllUsers
INFO: Show all clients in list
Sep 08, 2021 4:26:31 PM Controller.ManagerController showAllUsers
INFO: Adding FirstName: Itzik, LastName: Israeli, Address: Yavne, PhoneNumber: 0501112231, Permission: Volunteer to the list
Sep 08, 2021 4:26:31 PM Controller.ManagerController showAllUsers
INFO: Adding FirstName: Or, LastName: Ezra, Address: Gan Yavne, PhoneNumber: 0503331111, Permission: Admin to the list
Sep 08, 2021 4:26:31 PM Controller.ManagerController showAllUsers
INFO: Adding FirstName: Yossi, LastName: Bengaev, Address: Kfat Shumal, PhoneNumber: 0501113333, Permission: Volunteer to the list
Sep 08, 2021 4:26:32 PM Controller.LoginController$LoginListener actionPerformed
INFO: Trying to log in
Sep 08, 2021 4:26:32 PM Controller.LoginController$LoginListener actionPerformed
INFO: Log in success, going to Admin screen
Sep 08, 2021 4:26:32 PM Controller.AdminController showAllVolunteering
INFO: Show all clients in list
Sep 08, 2021 4:26:32 PM Controller.LoginController$LoginListener actionPerformed
INFO: Trying to log in
Sep 08, 2021 4:26:32 PM Controller.LoginController$LoginListener actionPerformed
INFO: Log in success, going to Volunteer screen
Sep 08, 2021 4:26:32 PM Controller.VolunteerContoller showAllVolunteering
INFO: Show all clients in list
Sep 08, 2021 4:26:32 PM Controller.LoginController$RegisterListener actionPerformed
INFO: Going to Register screen
Sep 08, 2021 4:26:33 PM Controller.LoginController$ContactListener actionPerformed
INFO: Going to Contact screen
Sep 08, 2021 4:26:33 PM DB.Utilities connectToMySql
INFO: Trying to connect database
Sep 08, 2021 4:26:34 PM Controller.RegisterController$RegisterListener actionPerformed
WARNING: Register failed, input wrong
