ספט׳ 03, 2021 5:03:10 אחה״צ DB.Utilities connectToMySql
INFO: Trying to connect database
ספט׳ 03, 2021 5:03:10 אחה״צ MainWindow main
INFO: dbso connected
ספט׳ 03, 2021 5:03:10 אחה״צ DB.Utilities checkIfSchemaExists
INFO: Check if dbso schema exists
ספט׳ 03, 2021 5:03:10 אחה״צ DB.Utilities checkIfTableExists
INFO: Check if client table exists
ספט׳ 03, 2021 5:03:10 אחה״צ DB.Utilities checkIfTableExists
INFO: Check if volunteering table exists
ספט׳ 03, 2021 5:03:58 אחה״צ Controller.LoginController$RegisterListener actionPerformed
INFO: Going to Register screen
ספט׳ 03, 2021 5:03:59 אחה״צ Controller.RegisterController$GoBackListener actionPerformed
INFO: Go Back to Login screen from Register screen
ספט׳ 03, 2021 5:04:08 אחה״צ Controller.LoginController$LoginListener actionPerformed
INFO: Trying to log in
ספט׳ 03, 2021 5:04:08 אחה״צ Controller.LoginController$LoginListener actionPerformed
INFO: Log in success, going to Manager screen
ספט׳ 03, 2021 5:04:08 אחה״צ Controller.ManagerController showAllUsers
INFO: Show all clients in list
ספט׳ 03, 2021 5:04:08 אחה״צ Controller.ManagerController showAllUsers
INFO: Adding FirstName: Itzik, LastName: Israeli, Address: Yavne, PhoneNumber: 0501112231, Permission: Volunteer to the list
ספט׳ 03, 2021 5:04:08 אחה״צ Controller.ManagerController showAllUsers
INFO: Adding FirstName: Or, LastName: Ezra, Address: Gan Yavne, PhoneNumber: 0503331111, Permission: Admin to the list
ספט׳ 03, 2021 5:04:08 אחה״צ Controller.ManagerController showAllUsers
INFO: Adding FirstName: Yossi, LastName: Bengaev, Address: Kfat Shumal, PhoneNumber: 0501113333, Permission: Volunteer to the list
ספט׳ 03, 2021 5:04:10 אחה״צ Controller.ManagerController$AddClientListener actionPerformed
INFO: Trying to add new client from Manager screen
ספט׳ 03, 2021 5:04:10 אחה״צ Controller.ManagerController validEmail
SEVERE: Check if email valid for create new client from manager
ספט׳ 03, 2021 5:04:16 אחה״צ Controller.ManagerController validPassword
SEVERE: Check if password valid for create new client from manager
ספט׳ 03, 2021 5:04:42 אחה״צ Controller.ManagerController validFirsName
SEVERE: Check if first name valid for create new client from manager
