אוג׳ 28, 2021 3:47:57 אחה״צ DB.Utilities connectToMySql
INFO: Trying to connect database
אוג׳ 28, 2021 3:47:58 אחה״צ MainWindow main
INFO: dbso connected
אוג׳ 28, 2021 3:47:58 אחה״צ DB.Utilities checkIfSchemaExists
INFO: Check if dbso schema exists
אוג׳ 28, 2021 3:47:58 אחה״צ DB.Utilities checkIfTableExists
INFO: Check if client table exists
אוג׳ 28, 2021 3:47:58 אחה״צ DB.Utilities checkIfTableExists
INFO: Check if volunteering table exists
אוג׳ 28, 2021 3:48:28 אחה״צ Controller.LoginController$RegisterListener actionPerformed
INFO: Going to Register screen
אוג׳ 28, 2021 3:48:30 אחה״צ Controller.RegisterController$GoBackListener actionPerformed
INFO: Go Back to Login screen from Register screen
אוג׳ 28, 2021 3:48:31 אחה״צ Controller.LoginController$ContactListener actionPerformed
INFO: Going to Contact screen
אוג׳ 28, 2021 3:48:33 אחה״צ Controller.ContactController$GoBackListener actionPerformed
INFO: Go Back to Login screen from Contact screen
אוג׳ 28, 2021 3:48:44 אחה״צ Controller.LoginController$LoginListener actionPerformed
INFO: Trying to log in
אוג׳ 28, 2021 3:48:44 אחה״צ Controller.LoginController$LoginListener actionPerformed
INFO: Log in success, going to Manager screen
אוג׳ 28, 2021 3:48:44 אחה״צ Controller.ManagerController showAllUsers
INFO: Show all clients in list
אוג׳ 28, 2021 3:48:44 אחה״צ Controller.ManagerController showAllUsers
INFO: Adding FirstName: Admin, LastName: Admin, Address: Tel Aviv, PhoneNumber: 0000000001, Permission: Admin to the list
אוג׳ 28, 2021 3:48:44 אחה״צ Controller.ManagerController showAllUsers
INFO: Adding FirstName: Itzik, LastName: Israeli, Address: Yavne, PhoneNumber: 0501112231, Permission: Volunteer to the list
אוג׳ 28, 2021 3:48:44 אחה״צ Controller.ManagerController showAllUsers
INFO: Adding FirstName: Or, LastName: Ezra, Address: Gan Yavne, PhoneNumber: 0503331111, Permission: Admin to the list
אוג׳ 28, 2021 3:48:44 אחה״צ Controller.ManagerController showAllUsers
INFO: Adding FirstName: Yossi, LastName: Bengaev, Address: Kfat Shumal, PhoneNumber: 0501113333, Permission: Volunteer to the list
אוג׳ 28, 2021 3:48:48 אחה״צ Controller.ManagerController$GoBackListener actionPerformed
INFO: Go back to Login screen from Manager Screnn
אוג׳ 28, 2021 3:49:01 אחה״צ Controller.LoginController$LoginListener actionPerformed
INFO: Trying to log in
אוג׳ 28, 2021 3:49:01 אחה״צ Controller.LoginController$LoginListener actionPerformed
INFO: Log in success, going to Admin screen
אוג׳ 28, 2021 3:49:02 אחה״צ Controller.AdminController showAllVolunteering
INFO: Show all clients in list
אוג׳ 28, 2021 3:49:07 אחה״צ Controller.AdminController$logoutListener actionPerformed
INFO: Go back to Login screen from Admin Screnn
אוג׳ 28, 2021 3:49:27 אחה״צ Controller.LoginController$LoginListener actionPerformed
INFO: Trying to log in
אוג׳ 28, 2021 3:49:27 אחה״צ Controller.LoginController$LoginListener actionPerformed
INFO: Log in success, going to Volunteer screen
אוג׳ 28, 2021 3:49:27 אחה״צ Controller.VolunteerContoller showAllVolunteering
INFO: Show all clients in list
אוג׳ 28, 2021 3:49:34 אחה״צ Controller.VolunteerContoller$logoutListener actionPerformed
INFO: Go back to Login screen from Volunteer Screnn
