ספט׳ 11, 2021 2:21:40 אחה״צ DB.Utilities connectToMySql
INFO: Trying to connect database
ספט׳ 11, 2021 2:21:41 אחה״צ MainWindow main
INFO: dbso connected
ספט׳ 11, 2021 2:21:41 אחה״צ DB.Utilities checkIfSchemaExists
INFO: Check if dbso schema exists
ספט׳ 11, 2021 2:21:41 אחה״צ DB.Utilities checkIfTableExists
INFO: Check if client table exists
ספט׳ 11, 2021 2:21:41 אחה״צ DB.Utilities checkIfTableExists
INFO: Check if volunteering table exists
ספט׳ 11, 2021 2:21:41 אחה״צ DB.Utilities createTable
INFO: Trying to create volunteering table
ספט׳ 11, 2021 2:21:41 אחה״צ DB.Utilities createTable
INFO: table volunteering created
ספט׳ 11, 2021 2:22:16 אחה״צ Controller.LoginController$LoginListener actionPerformed
INFO: Trying to log in
ספט׳ 11, 2021 2:22:16 אחה״צ Controller.LoginController$LoginListener actionPerformed
WARNING: Log in failed, invalid email
ספט׳ 11, 2021 2:22:24 אחה״צ Controller.LoginController$ContactListener actionPerformed
INFO: Going to Contact screen
ספט׳ 11, 2021 2:22:27 אחה״צ Controller.ContactController$GoBackListener actionPerformed
INFO: Go Back to Login screen from Contact screen
