אוג׳ 23, 2021 6:21:05 אחה״צ DB.Utilities connectToMySql
INFO: Trying to connect database
אוג׳ 23, 2021 6:21:06 אחה״צ MainWindow main
INFO: dbso connected
אוג׳ 23, 2021 6:21:06 אחה״צ DB.Utilities checkIfSchemaExists
INFO: Check if dbso schema exists
אוג׳ 23, 2021 6:21:06 אחה״צ DB.Utilities checkIfTableExists
INFO: Check if client table exists
אוג׳ 23, 2021 6:21:06 אחה״צ DB.Utilities checkIfTableExists
INFO: Check if volunteering table exists
אוג׳ 23, 2021 6:21:08 אחה״צ Controller.AdminController showAllVolunteering
INFO: Show all clients in list
אוג׳ 23, 2021 6:21:08 אחה״צ Controller.AdminController showAllVolunteering
INFO: Adding firstName='Amit Mizrahi', age='18', gender='male', phoneNumber='Arad', address='0501113333', problem='asd asd  to the list
אוג׳ 23, 2021 6:21:19 אחה״צ Controller.AdminController$addVolunteeringListener actionPerformed
INFO: Trying to add new volunteering
אוג׳ 23, 2021 6:21:21 אחה״צ Controller.AdminController$addVolunteeringListener actionPerformed
INFO: Add new voulnteering fileds, there are empty fills
אוג׳ 23, 2021 6:21:28 אחה״צ Controller.AdminController$DeleteVolunteeringListener actionPerformed
INFO: Trying to delete volunteering from Admin screen
אוג׳ 23, 2021 6:21:28 אחה״צ Controller.AdminController$DeleteVolunteeringListener actionPerformed
INFO: Get volunteering firstName='Amit Mizrahi', age='18', gender='male', phoneNumber='Arad', address='0501113333', problem='asd asd  that selected from list
אוג׳ 23, 2021 6:21:28 אחה״צ Controller.AdminController$DeleteVolunteeringListener actionPerformed
INFO: Get index {} from volunteering
אוג׳ 23, 2021 6:21:28 אחה״צ Controller.AdminController$DeleteVolunteeringListener actionPerformed
INFO: delete firstName='Amit Mizrahi', age='18', gender='male', phoneNumber='Arad', address='0501113333', problem='asd asd  from db
אוג׳ 23, 2021 6:21:28 אחה״צ Controller.AdminController$DeleteVolunteeringListener actionPerformed
INFO: delete firstName='Amit Mizrahi', age='18', gender='male', phoneNumber='Arad', address='0501113333', problem='asd asd  from list
