אוג׳ 30, 2021 6:51:56 אחה״צ DB.Utilities connectToMySql
INFO: Trying to connect database
אוג׳ 30, 2021 6:51:56 אחה״צ MainWindow main
INFO: dbso connected
אוג׳ 30, 2021 6:51:56 אחה״צ DB.Utilities checkIfSchemaExists
INFO: Check if dbso schema exists
אוג׳ 30, 2021 6:51:56 אחה״צ DB.Utilities checkIfTableExists
INFO: Check if client table exists
אוג׳ 30, 2021 6:51:56 אחה״צ DB.Utilities checkIfTableExists
INFO: Check if volunteering table exists
אוג׳ 30, 2021 6:52:10 אחה״צ Controller.LoginController$RegisterListener actionPerformed
INFO: Going to Register screen
אוג׳ 30, 2021 6:52:59 אחה״צ Controller.LoginController$LoginListener actionPerformed
INFO: Trying to log in
אוג׳ 30, 2021 6:52:59 אחה״צ Controller.LoginController$LoginListener actionPerformed
INFO: Log in success, going to Admin screen
אוג׳ 30, 2021 6:53:00 אחה״צ Controller.AdminController showAllVolunteering
INFO: Show all clients in list
אוג׳ 30, 2021 6:53:07 אחה״צ Controller.AdminController$logoutListener actionPerformed
INFO: Go back to Login screen from Admin Screnn
