ספט׳ 07, 2021 12:58:22 אחה״צ DB.Utilities connectToMySql
INFO: Trying to connect database
ספט׳ 07, 2021 12:58:22 אחה״צ MainWindow main
INFO: dbso connected
ספט׳ 07, 2021 12:58:22 אחה״צ DB.Utilities checkIfSchemaExists
INFO: Check if dbso schema exists
ספט׳ 07, 2021 12:58:22 אחה״צ DB.Utilities checkIfTableExists
INFO: Check if client table exists
ספט׳ 07, 2021 12:58:22 אחה״צ DB.Utilities checkIfTableExists
INFO: Check if volunteering table exists
ספט׳ 07, 2021 12:58:44 אחה״צ Controller.LoginController$LoginListener actionPerformed
INFO: Trying to log in
ספט׳ 07, 2021 12:58:44 אחה״צ Controller.LoginController$LoginListener actionPerformed
INFO: Log in success, going to Manager screen
ספט׳ 07, 2021 12:58:44 אחה״צ Controller.ManagerController showAllUsers
INFO: Show all clients in list
ספט׳ 07, 2021 12:58:44 אחה״צ Controller.ManagerController showAllUsers
INFO: Adding FirstName: Itzik, LastName: Israeli, Address: Yavne, PhoneNumber: 0501112231, Permission: Volunteer to the list
ספט׳ 07, 2021 12:58:44 אחה״צ Controller.ManagerController showAllUsers
INFO: Adding FirstName: Or, LastName: Ezra, Address: Gan Yavne, PhoneNumber: 0503331111, Permission: Admin to the list
ספט׳ 07, 2021 12:58:44 אחה״צ Controller.ManagerController showAllUsers
INFO: Adding FirstName: Yossi, LastName: Bengaev, Address: Kfat Shumal, PhoneNumber: 0501113333, Permission: Volunteer to the list
ספט׳ 07, 2021 12:58:44 אחה״צ Controller.ManagerController showAllUsers
INFO: Adding FirstName: Zohar, LastName: Hajaj, Address: Akko, PhoneNumber: 0502223311, Permission: Admin to the list
