אוג׳ 16, 2021 1:46:08 אחה״צ DB.Utilities connectToMySql
INFO: Trying to connect database
אוג׳ 16, 2021 1:46:09 אחה״צ MainWindow main
INFO: dbso connected
אוג׳ 16, 2021 1:46:09 אחה״צ DB.Utilities checkIfSchemaExists
INFO: Check if dbso schema exists
אוג׳ 16, 2021 1:46:09 אחה״צ DB.Utilities checkIfTableExists
INFO: Check if client table exists
אוג׳ 16, 2021 1:46:09 אחה״צ DB.Utilities checkIfTableExists
INFO: Check if volunteering table exists
אוג׳ 16, 2021 1:46:31 אחה״צ Controller.LoginController$LoginListener actionPerformed
INFO: Trying to log in
אוג׳ 16, 2021 1:46:31 אחה״צ Controller.LoginController$LoginListener actionPerformed
INFO: Log in success, going to Manager screen
אוג׳ 16, 2021 1:46:31 אחה״צ Controller.ManagerController showAllUsers
INFO: Show all users in list
אוג׳ 16, 2021 1:46:31 אחה״צ Controller.ManagerController showAllUsers
INFO: Adding FirstName: Itzik, LastName: Israeli, Address: Yavne, PhoneNumber: 0501112231, Permission: Volunteer to the list
אוג׳ 16, 2021 1:46:31 אחה״צ Controller.ManagerController showAllUsers
INFO: Adding FirstName: Or, LastName: Ezra, Address: Gan Yavne, PhoneNumber: 0503331111, Permission: Admin to the list
אוג׳ 16, 2021 1:46:31 אחה״צ Controller.ManagerController showAllUsers
INFO: Adding FirstName: Yossi, LastName: Bengaev, Address: Kfat Shumal, PhoneNumber: 0501113333, Permission: Volunteer to the list
