אוג׳ 25, 2021 9:45:57 אחה״צ DB.Utilities connectToMySql
INFO: Trying to connect database
אוג׳ 25, 2021 9:45:57 אחה״צ MainWindow main
INFO: dbso connected
אוג׳ 25, 2021 9:45:57 אחה״צ DB.Utilities checkIfSchemaExists
INFO: Check if dbso schema exists
אוג׳ 25, 2021 9:45:57 אחה״צ DB.Utilities checkIfTableExists
INFO: Check if client table exists
אוג׳ 25, 2021 9:45:57 אחה״צ DB.Utilities checkIfTableExists
INFO: Check if volunteering table exists
אוג׳ 25, 2021 9:46:16 אחה״צ Controller.LoginController$LoginListener actionPerformed
INFO: Trying to log in
אוג׳ 25, 2021 9:46:16 אחה״צ Controller.LoginController$LoginListener actionPerformed
INFO: Log in success, going to Volunteer screen
אוג׳ 25, 2021 9:46:17 אחה״צ Controller.VolunteerContoller showAllVolunteering
INFO: Show all clients in list
אוג׳ 25, 2021 9:46:23 אחה״צ Controller.VolunteerContoller$logoutListener actionPerformed
INFO: Go back to Login screen from Volunteer Screnn
אוג׳ 25, 2021 9:46:30 אחה״צ Controller.LoginController$LoginListener actionPerformed
INFO: Trying to log in
אוג׳ 25, 2021 9:46:30 אחה״צ Controller.LoginController$LoginListener actionPerformed
INFO: Log in success, going to Manager screen
אוג׳ 25, 2021 9:46:30 אחה״צ Controller.ManagerController showAllUsers
INFO: Show all clients in list
אוג׳ 25, 2021 9:46:30 אחה״צ Controller.ManagerController showAllUsers
INFO: Adding FirstName: Itzik, LastName: Israeli, Address: Yavne, PhoneNumber: 0501112231, Permission: Volunteer to the list
אוג׳ 25, 2021 9:46:30 אחה״צ Controller.ManagerController showAllUsers
INFO: Adding FirstName: Or, LastName: Ezra, Address: Gan Yavne, PhoneNumber: 0503331111, Permission: Admin to the list
אוג׳ 25, 2021 9:46:30 אחה״צ Controller.ManagerController showAllUsers
INFO: Adding FirstName: Yossi, LastName: Bengaev, Address: Kfat Shumal, PhoneNumber: 0501113333, Permission: Volunteer to the list
אוג׳ 25, 2021 9:46:36 אחה״צ Controller.ManagerController$GoBackListener actionPerformed
INFO: Go back to Login screen from Manager Screnn
אוג׳ 25, 2021 9:46:37 אחה״צ Controller.LoginController$RegisterListener actionPerformed
INFO: Going to Register screen
אוג׳ 25, 2021 9:46:40 אחה״צ Controller.RegisterController$GoBackListener actionPerformed
INFO: Go Back to Login screen from Register screen
