אוג׳ 24, 2021 9:02:28 אחה״צ DB.Utilities connectToMySql
INFO: Trying to connect database
אוג׳ 24, 2021 9:02:28 אחה״צ MainWindow main
INFO: dbso connected
אוג׳ 24, 2021 9:02:28 אחה״צ DB.Utilities checkIfSchemaExists
INFO: Check if dbso schema exists
אוג׳ 24, 2021 9:02:28 אחה״צ DB.Utilities checkIfTableExists
INFO: Check if client table exists
אוג׳ 24, 2021 9:02:28 אחה״צ DB.Utilities checkIfTableExists
INFO: Check if volunteering table exists
אוג׳ 24, 2021 9:02:51 אחה״צ Controller.LoginController$LoginListener actionPerformed
INFO: Trying to log in
אוג׳ 24, 2021 9:02:51 אחה״צ Controller.LoginController$LoginListener actionPerformed
INFO: Log in success, going to Manager screen
אוג׳ 24, 2021 9:02:51 אחה״צ Controller.ManagerController showAllUsers
INFO: Show all clients in list
אוג׳ 24, 2021 9:02:51 אחה״צ Controller.ManagerController showAllUsers
INFO: Adding FirstName: Itzik, LastName: Israeli, Address: Yavne, PhoneNumber: 0501112231, Permission: Volunteer to the list
אוג׳ 24, 2021 9:02:51 אחה״צ Controller.ManagerController showAllUsers
INFO: Adding FirstName: Or, LastName: Ezra, Address: Gan Yavne, PhoneNumber: 0503331111, Permission: Admin to the list
אוג׳ 24, 2021 9:02:51 אחה״צ Controller.ManagerController showAllUsers
INFO: Adding FirstName: Yossi, LastName: Bengaev, Address: Kfat Shumal, PhoneNumber: 0501113333, Permission: Volunteer to the list
אוג׳ 24, 2021 9:02:55 אחה״צ Controller.ManagerController$GoBackListener actionPerformed
INFO: Go back to Login screen from Manager Screnn
