אוג׳ 23, 2021 5:39:33 אחה״צ DB.Utilities connectToMySql
INFO: Trying to connect database
אוג׳ 23, 2021 5:39:34 אחה״צ MainWindow main
INFO: dbso connected
אוג׳ 23, 2021 5:39:34 אחה״צ DB.Utilities checkIfSchemaExists
INFO: Check if dbso schema exists
אוג׳ 23, 2021 5:39:34 אחה״צ DB.Utilities checkIfTableExists
INFO: Check if client table exists
אוג׳ 23, 2021 5:39:34 אחה״צ DB.Utilities checkIfTableExists
INFO: Check if volunteering table exists
אוג׳ 23, 2021 5:39:36 אחה״צ Controller.AdminController showAllVolunteering
INFO: Show all clients in list
אוג׳ 23, 2021 5:39:54 אחה״צ Controller.AdminController$addVolunteeringListener actionPerformed
INFO: Trying to add new volunteering
אוג׳ 23, 2021 5:39:56 אחה״צ Controller.AdminController$addVolunteeringListener actionPerformed
INFO: firstName='Amit Mizrahi', age='18', gender='male', phoneNumber='Modiin', address='0502713302', problem='bkab baksdbf kjsadfkj bsdakf  has been added
אוג׳ 23, 2021 5:40:09 אחה״צ Controller.AdminController$addVolunteeringListener actionPerformed
INFO: Trying to add new volunteering
אוג׳ 23, 2021 5:40:10 אחה״צ Controller.AdminController$addVolunteeringListener actionPerformed
INFO: firstName='Amit Mizrahi', age='18', gender='male', phoneNumber='Modiin', address='0502713302', problem='bkab baksdbf kjsadfkj bsdakf  has been added
