אוג׳ 23, 2021 7:33:11 אחה״צ DB.Utilities connectToMySql
INFO: Trying to connect database
אוג׳ 23, 2021 7:33:11 אחה״צ MainWindow main
INFO: dbso connected
אוג׳ 23, 2021 7:33:11 אחה״צ DB.Utilities checkIfSchemaExists
INFO: Check if dbso schema exists
אוג׳ 23, 2021 7:33:11 אחה״צ DB.Utilities checkIfTableExists
INFO: Check if client table exists
אוג׳ 23, 2021 7:33:11 אחה״צ DB.Utilities checkIfTableExists
INFO: Check if volunteering table exists
אוג׳ 23, 2021 7:33:30 אחה״צ Controller.LoginController$ContactListener actionPerformed
INFO: Going to Contact screen
אוג׳ 23, 2021 7:33:32 אחה״צ Controller.ContactController$GoBackListener actionPerformed
INFO: Go Back to Login screen from Contact screen
אוג׳ 23, 2021 7:33:34 אחה״צ Controller.LoginController$RegisterListener actionPerformed
INFO: Going to Register screen
אוג׳ 23, 2021 7:33:36 אחה״צ Controller.RegisterController$RegisterListener actionPerformed
WARNING: Register failed, input wrong
אוג׳ 23, 2021 7:33:38 אחה״צ Controller.RegisterController$GoBackListener actionPerformed
INFO: Go Back to Login screen from Register screen
אוג׳ 23, 2021 7:33:50 אחה״צ Controller.LoginController$LoginListener actionPerformed
INFO: Trying to log in
אוג׳ 23, 2021 7:33:50 אחה״צ Controller.LoginController$LoginListener actionPerformed
INFO: Log in success, going to Manager screen
אוג׳ 23, 2021 7:33:50 אחה״צ Controller.ManagerController showAllUsers
INFO: Show all clients in list
אוג׳ 23, 2021 7:33:50 אחה״צ Controller.ManagerController showAllUsers
INFO: Adding FirstName: Itzik, LastName: Israeli, Address: Yavne, PhoneNumber: 0501112231, Permission: Volunteer to the list
אוג׳ 23, 2021 7:33:50 אחה״צ Controller.ManagerController showAllUsers
INFO: Adding FirstName: Or, LastName: Ezra, Address: Gan Yavne, PhoneNumber: 0503331111, Permission: Admin to the list
אוג׳ 23, 2021 7:33:50 אחה״צ Controller.ManagerController showAllUsers
INFO: Adding FirstName: Yossi, LastName: Bengaev, Address: Kfat Shumal, PhoneNumber: 0501113333, Permission: Volunteer to the list
אוג׳ 23, 2021 7:33:52 אחה״צ Controller.ManagerController$AddClientListener actionPerformed
INFO: Trying to add new client from Manager screen
אוג׳ 23, 2021 7:33:52 אחה״צ Controller.ManagerController validEmail
SEVERE: Check if email valid for create new client from manager
אוג׳ 23, 2021 7:33:58 אחה״צ Controller.ManagerController validPassword
SEVERE: Check if password valid for create new client from manager
אוג׳ 23, 2021 7:34:01 אחה״צ Controller.ManagerController validFirsName
SEVERE: Check if first name valid for create new client from manager
אוג׳ 23, 2021 7:34:04 אחה״צ Controller.ManagerController validLastName
SEVERE: Check if last name valid for create new client from manager
אוג׳ 23, 2021 7:34:06 אחה״צ Controller.ManagerController validAdress
SEVERE: Check if address valid for create new client from manager
אוג׳ 23, 2021 7:34:09 אחה״צ Controller.ManagerController validPermission
SEVERE: Check if permission valid for create new client from manager
אוג׳ 23, 2021 7:34:15 אחה״צ Controller.ManagerController validPhoneNumber
SEVERE: Check if phone number valid for create new client from manager
אוג׳ 23, 2021 7:34:20 אחה״צ Controller.ManagerController$AddClientListener actionPerformed
INFO: Insert FirstName: Kobi, LastName: Kobi, Address: Tel Aviv, PhoneNumber: 0506662231, Permission: Volunteer to db
אוג׳ 23, 2021 7:34:20 אחה״צ Controller.ManagerController$AddClientListener actionPerformed
INFO: Insert FirstName: Kobi, LastName: Kobi, Address: Tel Aviv, PhoneNumber: 0506662231, Permission: Volunteer to list
אוג׳ 23, 2021 7:34:38 אחה״צ Controller.ManagerController$DeleteClientListener actionPerformed
INFO: Trying to delete client from Manager screen
אוג׳ 23, 2021 7:34:38 אחה״צ Controller.ManagerController$DeleteClientListener actionPerformed
INFO: Get client FirstName: Kobi, LastName: Kobi, Address: Tel Aviv, PhoneNumber: 0506662231, Permission: Volunteer that selected from list
אוג׳ 23, 2021 7:34:38 אחה״צ Controller.ManagerController$DeleteClientListener actionPerformed
INFO: Get index {} from client
אוג׳ 23, 2021 7:34:38 אחה״צ Controller.ManagerController$DeleteClientListener actionPerformed
INFO: delete FirstName: Kobi, LastName: Kobi, Address: Tel Aviv, PhoneNumber: 0506662231, Permission: Volunteer from db
אוג׳ 23, 2021 7:34:38 אחה״צ Controller.ManagerController$DeleteClientListener actionPerformed
INFO: delete FirstName: Kobi, LastName: Kobi, Address: Tel Aviv, PhoneNumber: 0506662231, Permission: Volunteer from list
אוג׳ 23, 2021 7:34:40 אחה״צ Controller.ManagerController$GoBackListener actionPerformed
INFO: Go back to Login screen from Manager Screnn
אוג׳ 23, 2021 7:34:54 אחה״צ Controller.LoginController$LoginListener actionPerformed
INFO: Trying to log in
אוג׳ 23, 2021 7:34:55 אחה״צ Controller.LoginController$LoginListener actionPerformed
WARNING: Log in failed, invalid password
אוג׳ 23, 2021 7:35:00 אחה״צ Controller.LoginController$LoginListener actionPerformed
INFO: Trying to log in
אוג׳ 23, 2021 7:35:02 אחה״צ Controller.LoginController$LoginListener actionPerformed
WARNING: Log in failed, invalid password
אוג׳ 23, 2021 7:35:22 אחה״צ Controller.LoginController$LoginListener actionPerformed
INFO: Trying to log in
