אוג׳ 19, 2021 2:55:58 אחה״צ DB.Utilities connectToMySql
INFO: Trying to connect database
אוג׳ 19, 2021 2:55:59 אחה״צ MainWindow main
INFO: dbso connected
אוג׳ 19, 2021 2:55:59 אחה״צ DB.Utilities checkIfSchemaExists
INFO: Check if dbso schema exists
אוג׳ 19, 2021 2:55:59 אחה״צ DB.Utilities checkIfTableExists
INFO: Check if client table exists
אוג׳ 19, 2021 2:55:59 אחה״צ DB.Utilities checkIfTableExists
INFO: Check if volunteering table exists
אוג׳ 19, 2021 2:56:05 אחה״צ Controller.LoginController$RegisterListener actionPerformed
INFO: Going to Register screen
אוג׳ 19, 2021 2:56:12 אחה״צ Controller.RegisterController$RegisterListener actionPerformed
WARNING: Register failed, input wrong
אוג׳ 19, 2021 2:56:21 אחה״צ Controller.RegisterController$RegisterListener actionPerformed
WARNING: Register failed, input wrong
אוג׳ 19, 2021 2:56:30 אחה״צ Controller.RegisterController$RegisterListener actionPerformed
WARNING: Register failed, input wrong
אוג׳ 19, 2021 2:56:45 אחה״צ Controller.RegisterController$RegisterListener actionPerformed
WARNING: Register failed, input wrong
