אוג׳ 23, 2021 6:49:41 אחה״צ DB.Utilities connectToMySql
INFO: Trying to connect database
אוג׳ 23, 2021 6:49:42 אחה״צ MainWindow main
INFO: dbso connected
אוג׳ 23, 2021 6:49:42 אחה״צ DB.Utilities checkIfSchemaExists
INFO: Check if dbso schema exists
אוג׳ 23, 2021 6:49:42 אחה״צ DB.Utilities checkIfTableExists
INFO: Check if client table exists
אוג׳ 23, 2021 6:49:42 אחה״צ DB.Utilities checkIfTableExists
INFO: Check if volunteering table exists
אוג׳ 23, 2021 6:49:44 אחה״צ Controller.AdminController showAllVolunteering
INFO: Show all clients in list
אוג׳ 23, 2021 6:49:44 אחה״צ Controller.AdminController showAllVolunteering
INFO: Adding firstName='Amit Mizrahi', age='25', gender='female', phoneNumber='0502713302', address='Modiin', problem='Babaababab to the list
אוג׳ 23, 2021 6:49:47 אחה״צ Controller.AdminController$UpdateListener actionPerformed
INFO: Trying to update volunteering from Admin screen
אוג׳ 23, 2021 6:49:56 אחה״צ Controller.AdminController$addVolunteeringListener actionPerformed
INFO: Trying to add new volunteering
אוג׳ 23, 2021 6:49:57 אחה״צ Controller.AdminController$addVolunteeringListener actionPerformed
INFO: firstName='Amit Mizrahi', age='26', gender='male', phoneNumber='Modiin', address='0502713302', problem='Babaababab has been added
אוג׳ 23, 2021 6:49:59 אחה״צ Controller.AdminController$UpdateListener actionPerformed
INFO: Trying to update volunteering from Admin screen
אוג׳ 23, 2021 6:50:06 אחה״צ Controller.AdminController$addVolunteeringListener actionPerformed
INFO: Trying to add new volunteering
אוג׳ 23, 2021 6:50:07 אחה״צ Controller.AdminController$addVolunteeringListener actionPerformed
INFO: Add new voulnteering fileds, there are empty fills
אוג׳ 23, 2021 6:50:20 אחה״צ Controller.AdminController$addVolunteeringListener actionPerformed
INFO: Trying to add new volunteering
אוג׳ 23, 2021 6:50:23 אחה״צ Controller.AdminController$addVolunteeringListener actionPerformed
INFO: firstName='Amit Mizrahi', age='25', gender='male', phoneNumber='Modiin', address='0502713302', problem='Babaababab has been added
