אוג׳ 23, 2021 6:16:28 אחה״צ DB.Utilities connectToMySql
INFO: Trying to connect database
אוג׳ 23, 2021 6:16:28 אחה״צ MainWindow main
INFO: dbso connected
אוג׳ 23, 2021 6:16:28 אחה״צ DB.Utilities checkIfSchemaExists
INFO: Check if dbso schema exists
אוג׳ 23, 2021 6:16:28 אחה״צ DB.Utilities checkIfTableExists
INFO: Check if client table exists
אוג׳ 23, 2021 6:16:28 אחה״צ DB.Utilities checkIfTableExists
INFO: Check if volunteering table exists
אוג׳ 23, 2021 6:16:31 אחה״צ Controller.AdminController showAllVolunteering
INFO: Show all clients in list
אוג׳ 23, 2021 6:16:31 אחה״צ Controller.AdminController showAllVolunteering
INFO: Adding firstName='Amit Mizrahi', age='18', gender='male', phoneNumber='0502713302', address='Modiin', problem='bkab baksdbf kjsadfkj bsdakf  to the list
אוג׳ 23, 2021 6:16:31 אחה״צ Controller.AdminController showAllVolunteering
INFO: Adding firstName='Zohar Hajaj', age='25', gender='female', phoneNumber='0523879425', address='Kiryat Motzkin', problem='najsnd asdj kansd jkasd to the list
אוג׳ 23, 2021 6:16:54 אחה״צ Controller.AdminController$addVolunteeringListener actionPerformed
INFO: Trying to add new volunteering
אוג׳ 23, 2021 6:16:55 אחה״צ Controller.AdminController$addVolunteeringListener actionPerformed
INFO: firstName='Lior xer', age='20', gender='male', phoneNumber='0501113322', address='Akko', problem='blah bl has been added
אוג׳ 23, 2021 6:16:58 אחה״צ Controller.AdminController$DeleteVolunteeringListener actionPerformed
INFO: Trying to delete volunteering from Admin screen
אוג׳ 23, 2021 6:16:58 אחה״צ Controller.AdminController$DeleteVolunteeringListener actionPerformed
INFO: Get volunteering firstName='Lior xer', age='20', gender='male', phoneNumber='0501113322', address='Akko', problem='blah bl that selected from list
אוג׳ 23, 2021 6:16:58 אחה״צ Controller.AdminController$DeleteVolunteeringListener actionPerformed
INFO: Get index {} from volunteering
אוג׳ 23, 2021 6:16:58 אחה״צ Controller.AdminController$DeleteVolunteeringListener actionPerformed
INFO: delete firstName='Lior xer', age='20', gender='male', phoneNumber='0501113322', address='Akko', problem='blah bl from db
אוג׳ 23, 2021 6:16:58 אחה״צ Controller.AdminController$DeleteVolunteeringListener actionPerformed
INFO: delete firstName='Lior xer', age='20', gender='male', phoneNumber='0501113322', address='Akko', problem='blah bl from list
