ספט׳ 03, 2021 7:26:15 אחה״צ DB.Utilities connectToMySql
INFO: Trying to connect database
ספט׳ 03, 2021 7:26:15 אחה״צ MainWindow main
INFO: dbso connected
ספט׳ 03, 2021 7:26:15 אחה״צ DB.Utilities checkIfSchemaExists
INFO: Check if dbso schema exists
ספט׳ 03, 2021 7:26:15 אחה״צ DB.Utilities checkIfTableExists
INFO: Check if client table exists
ספט׳ 03, 2021 7:26:15 אחה״צ DB.Utilities checkIfTableExists
INFO: Check if volunteering table exists
ספט׳ 03, 2021 7:26:34 אחה״צ Controller.LoginController$RegisterListener actionPerformed
INFO: Going to Register screen
ספט׳ 03, 2021 7:26:52 אחה״צ Controller.RegisterController$GoBackListener actionPerformed
INFO: Go Back to Login screen from Register screen
ספט׳ 03, 2021 7:26:53 אחה״צ Controller.LoginController$RegisterListener actionPerformed
INFO: Going to Register screen
ספט׳ 03, 2021 7:26:54 אחה״צ Controller.RegisterController$GoBackListener actionPerformed
INFO: Go Back to Login screen from Register screen
ספט׳ 03, 2021 7:27:06 אחה״צ Controller.LoginController$LoginListener actionPerformed
INFO: Trying to log in
ספט׳ 03, 2021 7:27:06 אחה״צ Controller.LoginController$LoginListener actionPerformed
INFO: Log in success, going to Manager screen
ספט׳ 03, 2021 7:27:06 אחה״צ Controller.ManagerController showAllUsers
INFO: Show all clients in list
ספט׳ 03, 2021 7:27:06 אחה״צ Controller.ManagerController showAllUsers
INFO: Adding FirstName: Itzik, LastName: Israeli, Address: Yavne, PhoneNumber: 0501112231, Permission: Volunteer to the list
ספט׳ 03, 2021 7:27:06 אחה״צ Controller.ManagerController showAllUsers
INFO: Adding FirstName: Or, LastName: Ezra, Address: Gan Yavne, PhoneNumber: 0503331111, Permission: Admin to the list
ספט׳ 03, 2021 7:27:06 אחה״צ Controller.ManagerController showAllUsers
INFO: Adding FirstName: Yossi, LastName: Bengaev, Address: Kfat Shumal, PhoneNumber: 0501113333, Permission: Volunteer to the list
ספט׳ 03, 2021 7:27:18 אחה״צ Controller.ManagerController$GoBackListener actionPerformed
INFO: Go back to Login screen from Manager Screnn
