אוג׳ 23, 2021 6:47:03 אחה״צ DB.Utilities connectToMySql
INFO: Trying to connect database
אוג׳ 23, 2021 6:47:04 אחה״צ MainWindow main
INFO: dbso connected
אוג׳ 23, 2021 6:47:04 אחה״צ DB.Utilities checkIfSchemaExists
INFO: Check if dbso schema exists
אוג׳ 23, 2021 6:47:04 אחה״צ DB.Utilities checkIfTableExists
INFO: Check if client table exists
אוג׳ 23, 2021 6:47:04 אחה״צ DB.Utilities checkIfTableExists
INFO: Check if volunteering table exists
אוג׳ 23, 2021 6:47:07 אחה״צ Controller.AdminController showAllVolunteering
INFO: Show all clients in list
אוג׳ 23, 2021 6:47:07 אחה״צ Controller.AdminController showAllVolunteering
INFO: Adding firstName='Amit Mizrahi', age='25', gender='male', phoneNumber='0502713302', address='Modiin', problem='Babaababab to the list
אוג׳ 23, 2021 6:47:12 אחה״צ Controller.AdminController$UpdateListener actionPerformed
INFO: Trying to update volunteering from Admin screen
אוג׳ 23, 2021 6:47:23 אחה״צ Controller.AdminController$addVolunteeringListener actionPerformed
INFO: Trying to add new volunteering
אוג׳ 23, 2021 6:47:25 אחה״צ Controller.AdminController$addVolunteeringListener actionPerformed
INFO: firstName='Amit Mizrahi', age='25', gender='male', phoneNumber='Modiin', address='0502713302', problem='Babaababab has been added
אוג׳ 23, 2021 6:47:39 אחה״צ Controller.AdminController$UpdateListener actionPerformed
INFO: Trying to update volunteering from Admin screen
אוג׳ 23, 2021 6:47:42 אחה״צ Controller.AdminController$addVolunteeringListener actionPerformed
INFO: Trying to add new volunteering
אוג׳ 23, 2021 6:47:43 אחה״צ Controller.AdminController$addVolunteeringListener actionPerformed
INFO: Add new voulnteering fileds, there are empty fills
אוג׳ 23, 2021 6:47:56 אחה״צ Controller.AdminController$addVolunteeringListener actionPerformed
INFO: Trying to add new volunteering
אוג׳ 23, 2021 6:47:57 אחה״צ Controller.AdminController$addVolunteeringListener actionPerformed
INFO: firstName='Amit Mizrahi', age='25', gender='male', phoneNumber='Modiin', address='0502713302', problem='Babaababab has been added
אוג׳ 23, 2021 6:48:00 אחה״צ Controller.AdminController$UpdateListener actionPerformed
INFO: Trying to update volunteering from Admin screen
אוג׳ 23, 2021 6:48:14 אחה״צ Controller.AdminController$addVolunteeringListener actionPerformed
INFO: Trying to add new volunteering
אוג׳ 23, 2021 6:48:15 אחה״צ Controller.AdminController$addVolunteeringListener actionPerformed
INFO: firstName='Amit Mizrahi', age='25', gender='female', phoneNumber='Modiin', address='0502713302', problem='Babaababab has been added
