ספט׳ 04, 2021 5:01:01 אחה״צ DB.Utilities connectToMySql
INFO: Trying to connect database
ספט׳ 04, 2021 5:01:02 אחה״צ MainWindow main
INFO: dbso connected
ספט׳ 04, 2021 5:01:02 אחה״צ DB.Utilities checkIfSchemaExists
INFO: Check if dbso schema exists
ספט׳ 04, 2021 5:01:02 אחה״צ DB.Utilities checkIfTableExists
INFO: Check if client table exists
ספט׳ 04, 2021 5:01:02 אחה״צ DB.Utilities checkIfTableExists
INFO: Check if volunteering table exists
ספט׳ 04, 2021 5:01:18 אחה״צ Controller.LoginController$RegisterListener actionPerformed
INFO: Going to Register screen
ספט׳ 04, 2021 5:01:25 אחה״צ Controller.RegisterController$GoBackListener actionPerformed
INFO: Go Back to Login screen from Register screen
ספט׳ 04, 2021 5:01:26 אחה״צ Controller.LoginController$ContactListener actionPerformed
INFO: Going to Contact screen
ספט׳ 04, 2021 5:01:26 אחה״צ Controller.ContactController$GoBackListener actionPerformed
INFO: Go Back to Login screen from Contact screen
ספט׳ 04, 2021 5:01:35 אחה״צ Controller.LoginController$LoginListener actionPerformed
INFO: Trying to log in
ספט׳ 04, 2021 5:01:35 אחה״צ Controller.LoginController$LoginListener actionPerformed
INFO: Log in success, going to Manager screen
ספט׳ 04, 2021 5:01:35 אחה״צ Controller.ManagerController showAllUsers
INFO: Show all clients in list
ספט׳ 04, 2021 5:01:35 אחה״צ Controller.ManagerController showAllUsers
INFO: Adding FirstName: Itzik, LastName: Israeli, Address: Yavne, PhoneNumber: 0501112231, Permission: Volunteer to the list
ספט׳ 04, 2021 5:01:35 אחה״צ Controller.ManagerController showAllUsers
INFO: Adding FirstName: Or, LastName: Ezra, Address: Gan Yavne, PhoneNumber: 0503331111, Permission: Admin to the list
ספט׳ 04, 2021 5:01:35 אחה״צ Controller.ManagerController showAllUsers
INFO: Adding FirstName: Yossi, LastName: Bengaev, Address: Kfat Shumal, PhoneNumber: 0501113333, Permission: Volunteer to the list
ספט׳ 04, 2021 5:01:38 אחה״צ Controller.ManagerController$AddClientListener actionPerformed
INFO: Trying to add new client from Manager screen
ספט׳ 04, 2021 5:01:38 אחה״צ Controller.ManagerController validEmail
SEVERE: Check if email valid for create new client from manager
ספט׳ 04, 2021 5:01:39 אחה״צ Controller.ManagerController$AddClientListener actionPerformed
INFO: Manager cancel the new client
ספט׳ 04, 2021 5:01:39 אחה״צ Controller.ManagerController$GoBackListener actionPerformed
INFO: Go back to Login screen from Manager Screnn
