ספט׳ 10, 2021 3:23:25 אחה״צ DB.Utilities connectToMySql
INFO: Trying to connect database
ספט׳ 10, 2021 3:23:25 אחה״צ MainWindow main
INFO: dbso connected
ספט׳ 10, 2021 3:23:25 אחה״צ DB.Utilities checkIfSchemaExists
INFO: Check if dbso schema exists
ספט׳ 10, 2021 3:23:25 אחה״צ DB.Utilities checkIfTableExists
INFO: Check if client table exists
ספט׳ 10, 2021 3:23:25 אחה״צ DB.Utilities checkIfTableExists
INFO: Check if volunteering table exists
ספט׳ 10, 2021 3:23:29 אחה״צ Controller.VolunteerContoller showAllVolunteering
INFO: Show all clients in list
ספט׳ 10, 2021 3:23:31 אחה״צ Controller.VolunteerContoller showAllVolunteering
INFO: Adding firstName='Admin1', age='22', gender='Male', address='Akko', phoneNumber='1111111112', problem='stam...', time='2021-09-10 15:22:35.0 to the list
ספט׳ 10, 2021 3:23:34 אחה״צ Controller.VolunteerContoller showAllVolunteering
INFO: Adding firstName='Admin2', age='35', gender='Male', address='Akko', phoneNumber='1111111113', problem='stam...', time='2021-09-10 15:22:35.0 to the list
ספט׳ 10, 2021 3:23:34 אחה״צ Controller.VolunteerContoller showAllVolunteering
INFO: Adding firstName='Admin3', age='18', gender='Male', address='Akko', phoneNumber='1111111114', problem='stam...', time='2021-09-10 15:22:35.0 to the list
ספט׳ 10, 2021 3:23:34 אחה״צ Controller.VolunteerContoller showAllVolunteering
INFO: Adding firstName='Admin4', age='44', gender='Male', address='Akko', phoneNumber='1111111115', problem='stam...', time='2021-09-10 15:22:35.0 to the list
ספט׳ 10, 2021 3:23:34 אחה״צ Controller.VolunteerContoller showAllVolunteering
INFO: Adding firstName='Admin5', age='41', gender='Male', address='Akko', phoneNumber='1111111116', problem='stam...', time='2021-09-10 15:22:35.0 to the list
ספט׳ 10, 2021 3:23:34 אחה״צ Controller.VolunteerContoller showAllVolunteering
INFO: Adding firstName='Admin6', age='64', gender='Male', address='Akko', phoneNumber='1111111117', problem='stam...', time='2021-09-10 15:22:35.0 to the list
ספט׳ 10, 2021 3:23:34 אחה״צ Controller.VolunteerContoller showAllVolunteering
INFO: Adding firstName='Admin7', age='42', gender='Male', address='Akko', phoneNumber='1111111118', problem='stam...', time='2021-09-10 15:22:35.0 to the list
ספט׳ 10, 2021 3:23:34 אחה״צ Controller.VolunteerContoller showAllVolunteering
INFO: Adding firstName='Admin8', age='31', gender='Male', address='Akko', phoneNumber='1111111119', problem='stam...', time='2021-09-10 15:22:35.0 to the list
ספט׳ 10, 2021 3:23:34 אחה״צ Controller.VolunteerContoller showAllVolunteering
INFO: Adding firstName='Admin9', age='59', gender='Male', address='Akko', phoneNumber='1111111120', problem='stam...', time='2021-09-10 15:22:35.0 to the list
ספט׳ 10, 2021 3:23:34 אחה״צ Controller.VolunteerContoller showAllVolunteering
INFO: Adding firstName='Admin10', age='51', gender='Male', address='Akko', phoneNumber='1111111121', problem='stam...', time='2021-09-10 15:22:35.0 to the list
ספט׳ 10, 2021 3:23:34 אחה״צ Controller.VolunteerContoller showAllVolunteering
INFO: Adding firstName='Admin11', age='55', gender='Male', address='Akko', phoneNumber='1111111122', problem='stam...', time='2021-09-10 15:22:35.0 to the list
ספט׳ 10, 2021 3:23:34 אחה״צ Controller.VolunteerContoller showAllVolunteering
INFO: Adding firstName='Admin12', age='28', gender='Male', address='Akko', phoneNumber='1111111123', problem='stam...', time='2021-09-10 15:22:35.0 to the list
ספט׳ 10, 2021 3:23:34 אחה״צ Controller.VolunteerContoller showAllVolunteering
INFO: Adding firstName='Admin13', age='38', gender='Male', address='Akko', phoneNumber='1111111124', problem='stam...', time='2021-09-10 15:22:35.0 to the list
ספט׳ 10, 2021 3:23:34 אחה״צ Controller.VolunteerContoller showAllVolunteering
INFO: Adding firstName='Admin14', age='42', gender='Male', address='Akko', phoneNumber='1111111125', problem='stam...', time='2021-09-10 15:22:35.0 to the list
