אוג׳ 13, 2021 11:52:52 לפנה״צ DB.Utilities connectToMySql
INFO: Trying to connect database
אוג׳ 13, 2021 11:52:52 לפנה״צ DB.Utilities checkIfSchemaExists
INFO: Check if dbso schema exists
אוג׳ 13, 2021 11:52:52 לפנה״צ DB.Utilities checkIfTableExists
INFO: Check if client table exists
אוג׳ 13, 2021 11:52:55 לפנה״צ Controller.LoginController$ContactListener actionPerformed
INFO: Going to Contact screen
אוג׳ 13, 2021 11:52:56 לפנה״צ Controller.ContactController$GoBackListener actionPerformed
INFO: Go Back to Login screen from Contact screen
אוג׳ 13, 2021 11:52:57 לפנה״צ Controller.LoginController$RegisterListener actionPerformed
INFO: Going to Register screen
אוג׳ 13, 2021 11:53:03 לפנה״צ Controller.RegisterController$RegisterListener actionPerformed
WARNING: Register failed, input wrong
אוג׳ 13, 2021 11:53:04 לפנה״צ Controller.RegisterController$GoBackListener actionPerformed
INFO: Go Back to Login screen from Register screen
אוג׳ 13, 2021 11:53:05 לפנה״צ Controller.LoginController$LoginListener actionPerformed
INFO: Trying to log in
אוג׳ 13, 2021 11:53:05 לפנה״צ Controller.LoginController$LoginListener actionPerformed
WARNING: Log in failed, invalid email
אוג׳ 13, 2021 11:53:08 לפנה״צ Controller.LoginController$ContactListener actionPerformed
INFO: Going to Contact screen
אוג׳ 13, 2021 11:53:08 לפנה״צ Controller.ContactController$GoBackListener actionPerformed
INFO: Go Back to Login screen from Contact screen
